TN:
SF:apps/api/src/app.module.ts
FN:39,(anonymous_1)
FNF:1
FNH:0
FNDA:0,(anonymous_1)
DA:1,0
DA:2,0
DA:3,0
DA:4,0
DA:5,0
DA:6,0
DA:7,0
DA:8,0
DA:9,0
DA:10,0
DA:11,0
DA:12,0
DA:13,0
DA:38,0
DA:40,0
LF:15
LH:0
BRDA:24,0,0,0
BRDA:24,0,1,0
BRDA:25,1,0,0
BRDA:25,1,1,0
BRF:4
BRH:0
end_of_record
TN:
SF:apps/api/src/main.ts
FN:8,bootstrap
FN:57,(anonymous_1)
FN:58,(anonymous_2)
FNF:3
FNH:0
FNDA:0,bootstrap
FNDA:0,(anonymous_1)
FNDA:0,(anonymous_2)
DA:1,0
DA:2,0
DA:3,0
DA:4,0
DA:5,0
DA:6,0
DA:9,0
DA:12,0
DA:36,0
DA:46,0
DA:49,0
DA:58,0
DA:63,0
DA:73,0
DA:76,0
DA:154,0
DA:155,0
DA:170,0
DA:171,0
DA:173,0
DA:190,0
LF:21
LH:0
BRDA:37,0,0,0
BRDA:37,0,1,0
BRDA:73,1,0,0
BRDA:73,1,1,0
BRDA:170,2,0,0
BRDA:170,2,1,0
BRDA:183,3,0,0
BRDA:183,3,1,0
BRF:8
BRH:0
end_of_record
TN:
SF:apps/api/src/modules/auth/auth.controller.ts
FN:9,(anonymous_4)
FN:20,(anonymous_5)
FN:40,(anonymous_6)
FN:56,(anonymous_7)
FNF:4
FNH:0
FNDA:0,(anonymous_4)
FNDA:0,(anonymous_5)
FNDA:0,(anonymous_6)
FNDA:0,(anonymous_7)
DA:1,0
DA:2,0
DA:3,0
DA:4,0
DA:8,0
DA:9,0
DA:20,0
DA:21,0
DA:23,0
DA:40,0
DA:43,0
DA:45,0
DA:56,0
DA:62,0
LF:14
LH:0
BRF:0
BRH:0
end_of_record
TN:
SF:apps/api/src/modules/auth/auth.module.ts
FN:15,(anonymous_1)
FNF:1
FNH:0
FNDA:0,(anonymous_1)
DA:1,0
DA:2,0
DA:3,0
DA:4,0
DA:5,0
DA:6,0
DA:7,0
DA:8,0
DA:15,0
DA:31,0
LF:10
LH:0
BRDA:16,0,0,0
BRDA:16,0,1,0
BRDA:18,1,0,0
BRDA:18,1,1,0
BRF:4
BRH:0
end_of_record
TN:
SF:apps/api/src/modules/client/client.controller.ts
FN:35,(anonymous_4)
FN:46,(anonymous_5)
FN:82,(anonymous_6)
FN:100,(anonymous_7)
FN:110,(anonymous_8)
FN:122,(anonymous_9)
FN:130,(anonymous_10)
FN:142,(anonymous_11)
FN:163,(anonymous_12)
FN:176,(anonymous_13)
FN:207,(anonymous_14)
FNF:11
FNH:0
FNDA:0,(anonymous_4)
FNDA:0,(anonymous_5)
FNDA:0,(anonymous_6)
FNDA:0,(anonymous_7)
FNDA:0,(anonymous_8)
FNDA:0,(anonymous_9)
FNDA:0,(anonymous_10)
FNDA:0,(anonymous_11)
FNDA:0,(anonymous_12)
FNDA:0,(anonymous_13)
FNDA:0,(anonymous_14)
DA:1,0
DA:14,0
DA:15,0
DA:16,0
DA:17,0
DA:18,0
DA:24,0
DA:34,0
DA:36,0
DA:37,0
DA:46,0
DA:52,0
DA:56,0
DA:70,0
DA:72,0
DA:82,0
DA:89,0
DA:91,0
DA:98,0
DA:100,0
DA:110,0
DA:117,0
DA:119,0
DA:120,0
DA:122,0
DA:130,0
DA:135,0
DA:141,0
DA:142,0
DA:144,0
DA:145,0
DA:149,0
DA:153,0
DA:156,0
DA:163,0
DA:169,0
DA:175,0
DA:176,0
DA:178,0
DA:179,0
DA:182,0
DA:186,0
DA:189,0
DA:202,0
DA:204,0
DA:208,0
LF:46
LH:0
BRDA:52,0,0,0
BRDA:52,0,1,0
BRDA:62,1,0,0
BRDA:62,1,1,0
BRDA:89,2,0,0
BRDA:89,2,1,0
BRDA:92,3,0,0
BRDA:92,3,1,0
BRDA:117,4,0,0
BRDA:117,4,1,0
BRDA:136,5,0,0
BRDA:136,5,1,0
BRDA:144,6,0,0
BRDA:144,6,1,0
BRDA:149,7,0,0
BRDA:149,7,1,0
BRDA:150,8,0,0
BRDA:150,8,1,0
BRDA:170,9,0,0
BRDA:170,9,1,0
BRDA:178,10,0,0
BRDA:178,10,1,0
BRDA:182,11,0,0
BRDA:182,11,1,0
BRDA:183,12,0,0
BRDA:183,12,1,0
BRDA:194,13,0,0
BRDA:194,13,1,0
BRF:28
BRH:0
end_of_record
TN:
SF:apps/api/src/modules/client/client.module.ts
FNF:0
FNH:0
DA:1,0
DA:2,0
DA:3,0
DA:4,0
DA:5,0
DA:12,0
DA:13,0
DA:20,0
LF:8
LH:0
BRF:0
BRH:0
end_of_record
TN:
SF:apps/api/src/modules/dietplan/dietplan.controller.ts
FN:34,(anonymous_4)
FN:49,(anonymous_5)
FN:80,(anonymous_6)
FN:94,(anonymous_7)
FN:102,(anonymous_8)
FN:114,(anonymous_9)
FNF:6
FNH:0
FNDA:0,(anonymous_4)
FNDA:0,(anonymous_5)
FNDA:0,(anonymous_6)
FNDA:0,(anonymous_7)
FNDA:0,(anonymous_8)
FNDA:0,(anonymous_9)
DA:1,0
DA:14,0
DA:15,0
DA:16,0
DA:17,0
DA:18,0
DA:23,0
DA:33,0
DA:35,0
DA:36,0
DA:49,0
DA:55,0
DA:57,0
DA:67,0
DA:69,0
DA:80,0
DA:91,0
DA:92,0
DA:94,0
DA:102,0
DA:108,0
DA:109,0
DA:111,0
DA:115,0
LF:24
LH:0
BRDA:55,0,0,0
BRDA:55,0,1,0
BRDA:63,1,0,0
BRDA:63,1,1,0
BRF:4
BRH:0
end_of_record
TN:
SF:apps/api/src/modules/dietplan/dietplan.module.ts
FNF:0
FNH:0
DA:1,0
DA:2,0
DA:3,0
DA:4,0
DA:5,0
DA:11,0
DA:12,0
DA:19,0
LF:8
LH:0
BRF:0
BRH:0
end_of_record
TN:
SF:apps/api/src/modules/health/health.controller.ts
FN:38,(anonymous_2)
FN:56,(anonymous_3)
FN:63,(anonymous_4)
FNF:3
FNH:0
FNDA:0,(anonymous_2)
FNDA:0,(anonymous_3)
FNDA:0,(anonymous_4)
DA:1,0
DA:2,0
DA:18,0
DA:38,0
DA:40,0
DA:56,0
DA:57,0
DA:63,0
DA:66,0
LF:9
LH:0
BRDA:44,0,0,0
BRDA:44,0,1,0
BRF:2
BRH:0
end_of_record
TN:
SF:apps/api/src/modules/health/health.module.ts
FNF:0
FNH:0
DA:1,0
DA:2,0
DA:7,0
LF:3
LH:0
BRF:0
BRH:0
end_of_record
TN:
SF:apps/api/src/modules/user/user.controller.ts
FN:34,(anonymous_4)
FN:45,(anonymous_5)
FN:72,(anonymous_6)
FN:96,(anonymous_7)
FN:105,(anonymous_8)
FN:120,(anonymous_9)
FN:154,(anonymous_10)
FNF:7
FNH:0
FNDA:0,(anonymous_4)
FNDA:0,(anonymous_5)
FNDA:0,(anonymous_6)
FNDA:0,(anonymous_7)
FNDA:0,(anonymous_8)
FNDA:0,(anonymous_9)
FNDA:0,(anonymous_10)
DA:1,0
DA:13,0
DA:14,0
DA:15,0
DA:16,0
DA:17,0
DA:23,0
DA:33,0
DA:35,0
DA:36,0
DA:45,0
DA:46,0
DA:54,0
DA:56,0
DA:72,0
DA:73,0
DA:74,0
DA:76,0
DA:77,0
DA:80,0
DA:96,0
DA:102,0
DA:103,0
DA:105,0
DA:120,0
DA:126,0
DA:127,0
DA:130,0
DA:137,0
DA:139,0
DA:154,0
DA:155,0
DA:156,0
DA:158,0
DA:159,0
DA:162,0
LF:36
LH:0
BRDA:76,0,0,0
BRDA:76,0,1,0
BRDA:126,1,0,0
BRDA:126,1,1,0
BRDA:126,2,0,0
BRDA:126,2,1,0
BRDA:158,3,0,0
BRDA:158,3,1,0
BRF:8
BRH:0
end_of_record
TN:
SF:apps/api/src/modules/user/user.module.ts
FNF:0
FNH:0
DA:1,0
DA:2,0
DA:3,0
DA:4,0
DA:5,0
DA:12,0
DA:13,0
DA:20,0
LF:8
LH:0
BRF:0
BRH:0
end_of_record
TN:
SF:apps/mobile/babel.config.js
FN:1,(anonymous_0)
FNF:1
FNH:0
FNDA:0,(anonymous_0)
DA:1,0
DA:2,0
DA:3,0
LF:3
LH:0
BRF:0
BRH:0
end_of_record
TN:
SF:apps/mobile/index.js
FNF:0
FNH:0
DA:8,0
LF:1
LH:0
BRF:0
BRH:0
end_of_record
TN:
SF:apps/mobile/jest.config.js
FNF:0
FNH:0
DA:1,0
LF:1
LH:0
BRF:0
BRH:0
end_of_record
TN:
SF:apps/mobile/metro.config.js
FNF:0
FNH:0
DA:1,0
DA:2,0
DA:3,0
DA:6,0
DA:7,0
DA:9,0
DA:12,0
DA:15,0
DA:21,0
DA:23,0
LF:10
LH:0
BRF:0
BRH:0
end_of_record
TN:
SF:apps/mobile/tailwind.config.js
FNF:0
FNH:0
DA:2,0
LF:1
LH:0
BRF:0
BRH:0
end_of_record
TN:
SF:apps/mobile/src/nativewind-env.d.ts
FNF:0
FNH:0
LF:0
LH:0
BRF:0
BRH:0
end_of_record
TN:
SF:apps/web/next-env.d.ts
FNF:0
FNH:0
LF:0
LH:0
BRF:0
BRH:0
end_of_record
TN:
SF:apps/web/next.config.ts
FNF:0
FNH:0
DA:3,0
DA:16,0
LF:2
LH:0
BRF:0
BRH:0
end_of_record
TN:
SF:apps/web/.next/build/postcss.js
FNF:0
FNH:0
DA:1,0
DA:2,0
DA:3,0
DA:4,0
DA:5,0
DA:6,0
LF:6
LH:0
BRF:0
BRH:0
end_of_record
TN:
SF:apps/web/.next/build/chunks/[root-of-the-server]__4a07fad2._.js
FN:2,(anonymous_0)
FN:4,(anonymous_1)
FN:8,(anonymous_2)
FN:10,(anonymous_3)
FN:14,(anonymous_4)
FN:16,(anonymous_5)
FN:20,(anonymous_6)
FN:25,(anonymous_7)
FN:34,(anonymous_8)
FN:41,(anonymous_9)
FN:43,(anonymous_10)
FN:45,(anonymous_11)
FN:50,(anonymous_12)
FN:57,(anonymous_13)
FN:64,(anonymous_14)
FN:74,(anonymous_15)
FN:78,getReadEnvVariables
FN:82,(anonymous_17)
FN:87,(anonymous_18)
FN:89,(anonymous_19)
FN:100,(anonymous_20)
FN:112,(anonymous_21)
FN:125,(anonymous_22)
FN:129,(anonymous_23)
FN:145,transform
FNF:25
FNH:0
FNDA:0,(anonymous_0)
FNDA:0,(anonymous_1)
FNDA:0,(anonymous_2)
FNDA:0,(anonymous_3)
FNDA:0,(anonymous_4)
FNDA:0,(anonymous_5)
FNDA:0,(anonymous_6)
FNDA:0,(anonymous_7)
FNDA:0,(anonymous_8)
FNDA:0,(anonymous_9)
FNDA:0,(anonymous_10)
FNDA:0,(anonymous_11)
FNDA:0,(anonymous_12)
FNDA:0,(anonymous_13)
FNDA:0,(anonymous_14)
FNDA:0,(anonymous_15)
FNDA:0,getReadEnvVariables
FNDA:0,(anonymous_17)
FNDA:0,(anonymous_18)
FNDA:0,(anonymous_19)
FNDA:0,(anonymous_20)
FNDA:0,(anonymous_21)
FNDA:0,(anonymous_22)
FNDA:0,(anonymous_23)
FNDA:0,transform
DA:1,0
DA:4,0
DA:6,0
DA:10,0
DA:12,0
DA:16,0
DA:18,0
DA:23,0
DA:25,0
DA:27,0
DA:32,0
DA:39,0
DA:41,0
DA:43,0
DA:45,0
DA:47,0
DA:49,0
DA:50,0
DA:51,0
DA:52,0
DA:53,0
DA:55,0
DA:57,0
DA:58,0
DA:61,0
DA:62,0
DA:63,0
DA:65,0
DA:70,0
DA:72,0
DA:75,0
DA:79,0
DA:85,0
DA:87,0
DA:89,0
DA:92,0
DA:94,0
DA:95,0
DA:100,0
DA:101,0
DA:102,0
DA:103,0
DA:107,0
DA:108,0
DA:111,0
DA:112,0
DA:113,0
DA:114,0
DA:115,0
DA:116,0
DA:121,0
DA:124,0
DA:125,0
DA:127,0
DA:129,0
DA:130,0
DA:131,0
DA:132,0
DA:133,0
DA:134,0
DA:136,0
DA:137,0
DA:139,0
DA:141,0
DA:143,0
DA:146,0
DA:154,0
DA:155,0
DA:156,0
DA:157,0
DA:158,0
DA:159,0
DA:161,0
DA:166,0
DA:169,0
DA:170,0
DA:172,0
DA:173,0
DA:175,0
DA:179,0
DA:181,0
DA:185,0
DA:187,0
DA:190,0
DA:197,0
LF:85
LH:0
BRDA:52,0,0,0
BRDA:52,0,1,0
BRDA:55,1,0,0
BRDA:55,1,1,0
BRDA:58,2,0,0
BRDA:58,2,1,0
BRDA:65,3,0,0
BRDA:65,3,1,0
BRDA:102,4,0,0
BRDA:102,4,1,0
BRDA:107,5,0,0
BRDA:107,5,1,0
BRDA:111,6,0,0
BRDA:111,6,1,0
BRDA:113,7,0,0
BRDA:113,7,1,0
BRDA:115,8,0,0
BRDA:115,8,1,0
BRDA:124,9,0,0
BRDA:124,9,1,0
BRDA:130,10,0,0
BRDA:130,10,1,0
BRDA:133,11,0,0
BRDA:133,11,1,0
BRDA:136,12,0,0
BRDA:136,12,1,0
BRDA:149,13,0,0
BRDA:149,13,1,0
BRDA:159,14,0,0
BRDA:159,14,1,0
BRDA:159,14,2,0
BRDA:159,14,3,0
BRDA:159,14,4,0
BRDA:159,14,5,0
BRDA:159,14,6,0
BRDA:164,15,0,0
BRDA:164,15,1,0
BRDA:164,16,0,0
BRDA:164,16,1,0
BRDA:199,17,0,0
BRDA:199,17,1,0
BRF:41
BRH:0
end_of_record
TN:
SF:apps/web/.next/build/chunks/[root-of-the-server]__623ed9a7._.js
FN:2,(anonymous_0)
FN:7,(anonymous_1)
FN:9,(anonymous_2)
FN:13,(anonymous_3)
FN:15,(anonymous_4)
FN:19,(anonymous_5)
FN:24,(anonymous_6)
FN:28,parse
FN:30,(anonymous_8)
FN:40,parseChrome
FN:64,parseWinjs
FN:79,parseGecko
FN:100,parseJSC
FN:114,parseNode
FN:128,(anonymous_14)
FN:136,(anonymous_15)
FN:138,(anonymous_16)
FN:140,isError
FN:143,getProperError
FN:151,getObjectClassLabel
FN:154,isPlainObject
FN:170,(anonymous_21)
FN:175,(anonymous_22)
FN:177,(anonymous_23)
FN:187,structuredError
FN:196,createIpc
FN:207,(anonymous_26)
FN:214,(anonymous_27)
FN:220,pushPacket
FN:232,(anonymous_29)
FN:234,(anonymous_30)
FN:270,(anonymous_31)
FN:278,(anonymous_32)
FN:283,doSend
FN:284,(anonymous_34)
FN:288,(anonymous_35)
FN:299,send
FN:302,sendReady
FN:306,(anonymous_38)
FN:311,(anonymous_39)
FN:312,(anonymous_40)
FN:318,(anonymous_41)
FN:322,(anonymous_42)
FN:335,(anonymous_43)
FN:335,(anonymous_44)
FN:342,(anonymous_45)
FN:345,(anonymous_46)
FN:351,(anonymous_47)
FN:380,invariant
FN:384,(anonymous_49)
FN:389,(anonymous_50)
FN:395,(anonymous_51)
FN:399,(anonymous_52)
FN:403,(anonymous_53)
FN:406,(anonymous_54)
FN:418,(anonymous_55)
FN:420,(anonymous_56)
FN:439,(anonymous_57)
FN:490,(anonymous_58)
FN:496,(anonymous_59)
FNF:60
FNH:0
FNDA:0,(anonymous_0)
FNDA:0,(anonymous_1)
FNDA:0,(anonymous_2)
FNDA:0,(anonymous_3)
FNDA:0,(anonymous_4)
FNDA:0,(anonymous_5)
FNDA:0,(anonymous_6)
FNDA:0,parse
FNDA:0,(anonymous_8)
FNDA:0,parseChrome
FNDA:0,parseWinjs
FNDA:0,parseGecko
FNDA:0,parseJSC
FNDA:0,parseNode
FNDA:0,(anonymous_14)
FNDA:0,(anonymous_15)
FNDA:0,(anonymous_16)
FNDA:0,isError
FNDA:0,getProperError
FNDA:0,getObjectClassLabel
FNDA:0,isPlainObject
FNDA:0,(anonymous_21)
FNDA:0,(anonymous_22)
FNDA:0,(anonymous_23)
FNDA:0,structuredError
FNDA:0,createIpc
FNDA:0,(anonymous_26)
FNDA:0,(anonymous_27)
FNDA:0,pushPacket
FNDA:0,(anonymous_29)
FNDA:0,(anonymous_30)
FNDA:0,(anonymous_31)
FNDA:0,(anonymous_32)
FNDA:0,doSend
FNDA:0,(anonymous_34)
FNDA:0,(anonymous_35)
FNDA:0,send
FNDA:0,sendReady
FNDA:0,(anonymous_38)
FNDA:0,(anonymous_39)
FNDA:0,(anonymous_40)
FNDA:0,(anonymous_41)
FNDA:0,(anonymous_42)
FNDA:0,(anonymous_43)
FNDA:0,(anonymous_44)
FNDA:0,(anonymous_45)
FNDA:0,(anonymous_46)
FNDA:0,(anonymous_47)
FNDA:0,invariant
FNDA:0,(anonymous_49)
FNDA:0,(anonymous_50)
FNDA:0,(anonymous_51)
FNDA:0,(anonymous_52)
FNDA:0,(anonymous_53)
FNDA:0,(anonymous_54)
FNDA:0,(anonymous_55)
FNDA:0,(anonymous_56)
FNDA:0,(anonymous_57)
FNDA:0,(anonymous_58)
FNDA:0,(anonymous_59)
DA:1,0
DA:5,0
DA:9,0
DA:11,0
DA:15,0
DA:17,0
DA:22,0
DA:24,0
DA:26,0
DA:27,0
DA:29,0
DA:30,0
DA:31,0
DA:32,0
DA:33,0
DA:35,0
DA:38,0
DA:39,0
DA:41,0
DA:42,0
DA:43,0
DA:45,0
DA:46,0
DA:47,0
DA:48,0
DA:49,0
DA:50,0
DA:51,0
DA:53,0
DA:63,0
DA:65,0
DA:66,0
DA:67,0
DA:69,0
DA:77,0
DA:78,0
DA:80,0
DA:81,0
DA:82,0
DA:84,0
DA:85,0
DA:86,0
DA:87,0
DA:88,0
DA:89,0
DA:91,0
DA:99,0
DA:101,0
DA:102,0
DA:103,0
DA:105,0
DA:113,0
DA:115,0
DA:116,0
DA:117,0
DA:119,0
DA:134,0
DA:136,0
DA:138,0
DA:141,0
DA:144,0
DA:145,0
DA:147,0
DA:149,0
DA:152,0
DA:155,0
DA:156,0
DA:158,0
DA:167,0
DA:173,0
DA:175,0
DA:177,0
DA:179,0
DA:180,0
DA:181,0
DA:182,0
DA:188,0
DA:189,0
DA:197,0
DA:206,0
DA:208,0
DA:209,0
DA:211,0
DA:215,0
DA:218,0
DA:219,0
DA:221,0
DA:222,0
DA:223,0
DA:225,0
DA:228,0
DA:231,0
DA:232,0
DA:233,0
DA:234,0
DA:235,0
DA:239,0
DA:240,0
DA:243,0
DA:244,0
DA:245,0
DA:246,0
DA:251,0
DA:253,0
DA:257,0
DA:258,0
DA:259,0
DA:260,0
DA:263,0
DA:265,0
DA:267,0
DA:270,0
DA:278,0
DA:279,0
DA:284,0
DA:286,0
DA:287,0
DA:288,0
DA:289,0
DA:290,0
DA:291,0
DA:292,0
DA:294,0
DA:300,0
DA:303,0
DA:305,0
DA:307,0
DA:308,0
DA:309,0
DA:311,0
DA:312,0
DA:313,0
DA:316,0
DA:319,0
DA:323,0
DA:324,0
DA:325,0
DA:332,0
DA:333,0
DA:335,0
DA:336,0
DA:340,0
DA:341,0
DA:342,0
DA:343,0
DA:345,0
DA:347,0
DA:349,0
DA:351,0
DA:352,0
DA:353,0
DA:354,0
DA:355,0
DA:356,0
DA:357,0
DA:359,0
DA:362,0
DA:363,0
DA:364,0
DA:365,0
DA:366,0
DA:367,0
DA:368,0
DA:369,0
DA:370,0
DA:371,0
DA:372,0
DA:373,0
DA:374,0
DA:375,0
DA:376,0
DA:377,0
DA:381,0
DA:387,0
DA:389,0
DA:391,0
DA:393,0
DA:394,0
DA:395,0
DA:396,0
DA:397,0
DA:398,0
DA:399,0
DA:404,0
DA:406,0
DA:407,0
DA:408,0
DA:410,0
DA:414,0
DA:418,0
DA:421,0
DA:426,0
DA:427,0
DA:428,0
DA:429,0
DA:431,0
DA:432,0
DA:434,0
DA:435,0
DA:438,0
DA:439,0
DA:440,0
DA:441,0
DA:442,0
DA:443,0
DA:444,0
DA:450,0
DA:453,0
DA:456,0
DA:457,0
DA:458,0
DA:461,0
DA:462,0
DA:463,0
DA:464,0
DA:466,0
DA:470,0
DA:471,0
DA:472,0
DA:473,0
DA:474,0
DA:476,0
DA:479,0
DA:483,0
DA:484,0
DA:493,0
DA:494,0
DA:496,0
LF:228
LH:0
BRDA:26,0,0,0
BRDA:26,0,1,0
BRDA:31,1,0,0
BRDA:31,1,1,0
BRDA:31,1,2,0
BRDA:31,1,3,0
BRDA:31,1,4,0
BRDA:32,2,0,0
BRDA:32,2,1,0
BRDA:42,3,0,0
BRDA:42,3,1,0
BRDA:45,4,0,0
BRDA:45,4,1,0
BRDA:46,5,0,0
BRDA:46,5,1,0
BRDA:48,6,0,0
BRDA:48,6,1,0
BRDA:48,7,0,0
BRDA:48,7,1,0
BRDA:54,8,0,0
BRDA:54,8,1,0
BRDA:55,9,0,0
BRDA:55,9,1,0
BRDA:56,10,0,0
BRDA:56,10,1,0
BRDA:59,11,0,0
BRDA:59,11,1,0
BRDA:60,12,0,0
BRDA:60,12,1,0
BRDA:66,13,0,0
BRDA:66,13,1,0
BRDA:71,14,0,0
BRDA:71,14,1,0
BRDA:74,15,0,0
BRDA:74,15,1,0
BRDA:81,16,0,0
BRDA:81,16,1,0
BRDA:84,17,0,0
BRDA:84,17,1,0
BRDA:86,18,0,0
BRDA:86,18,1,0
BRDA:86,19,0,0
BRDA:86,19,1,0
BRDA:93,20,0,0
BRDA:93,20,1,0
BRDA:94,21,0,0
BRDA:94,21,1,0
BRDA:95,22,0,0
BRDA:95,22,1,0
BRDA:96,23,0,0
BRDA:96,23,1,0
BRDA:102,24,0,0
BRDA:102,24,1,0
BRDA:107,25,0,0
BRDA:107,25,1,0
BRDA:110,26,0,0
BRDA:110,26,1,0
BRDA:116,27,0,0
BRDA:116,27,1,0
BRDA:121,28,0,0
BRDA:121,28,1,0
BRDA:124,29,0,0
BRDA:124,29,1,0
BRDA:141,30,0,0
BRDA:141,30,1,0
BRDA:141,30,2,0
BRDA:141,30,3,0
BRDA:144,31,0,0
BRDA:144,31,1,0
BRDA:147,32,0,0
BRDA:147,32,1,0
BRDA:149,33,0,0
BRDA:149,33,1,0
BRDA:155,34,0,0
BRDA:155,34,1,0
BRDA:167,35,0,0
BRDA:167,35,1,0
BRDA:192,36,0,0
BRDA:192,36,1,0
BRDA:193,37,0,0
BRDA:193,37,1,0
BRDA:208,38,0,0
BRDA:208,38,1,0
BRDA:222,39,0,0
BRDA:222,39,1,0
BRDA:240,40,0,0
BRDA:240,40,1,0
BRDA:240,40,2,0
BRDA:243,41,0,0
BRDA:243,41,1,0
BRDA:257,42,0,0
BRDA:257,42,1,0
BRDA:291,43,0,0
BRDA:291,43,1,0
BRDA:308,44,0,0
BRDA:308,44,1,0
BRDA:336,45,0,0
BRDA:336,45,1,0
BRDA:354,46,0,0
BRDA:354,46,1,0
BRDA:428,47,0,0
BRDA:428,47,1,0
BRDA:446,48,0,0
BRDA:446,48,1,0
BRDA:458,49,0,0
BRDA:458,49,1,0
BRDA:458,49,2,0
BRDA:462,50,0,0
BRDA:462,50,1,0
BRDA:471,51,0,0
BRDA:471,51,1,0
BRDA:473,52,0,0
BRDA:473,52,1,0
BRF:113
BRH:0
end_of_record
TN:
SF:apps/web/.next/build/chunks/[turbopack-node]_transforms_postcss_ts_27422336._.js
FN:2,(anonymous_0)
FN:4,(anonymous_1)
FN:8,(anonymous_2)
FN:8,(anonymous_3)
FNF:4
FNH:0
FNDA:0,(anonymous_0)
FNDA:0,(anonymous_1)
FNDA:0,(anonymous_2)
FNDA:0,(anonymous_3)
DA:1,0
DA:4,0
DA:5,0
DA:8,0
DA:9,0
LF:5
LH:0
BRF:0
BRH:0
end_of_record
TN:
SF:apps/web/.next/build/chunks/[turbopack]_runtime.js
FN:13,Context
FN:27,defineProp
FN:30,getOverwrittenModule
FN:42,createModuleObject
FN:53,esm
FN:95,esmExport
FN:109,ensureDynamicExports
FN:114,(anonymous_7)
FN:124,(anonymous_8)
FN:139,dynamicExport
FN:155,exportValue
FN:165,exportNamespace
FN:175,createGetter
FN:176,(anonymous_13)
FN:180,(anonymous_14)
FN:180,(anonymous_15)
FN:193,interopEsm
FN:218,createNS
FN:220,(anonymous_18)
FN:227,esmImport
FN:236,asyncLoader
FN:244,require1
FN:248,commonJsRequire
FN:254,moduleContext
FN:255,moduleContext
FN:263,(anonymous_25)
FN:266,(anonymous_26)
FN:274,(anonymous_27)
FN:282,getChunkPath
FN:285,isPromise
FN:288,isAsyncModuleExt
FN:291,createPromise
FN:294,(anonymous_32)
FN:310,installCompressedModuleFactories
FN:341,resolveQueue
FN:344,(anonymous_35)
FN:345,(anonymous_36)
FN:348,wrapDeps
FN:349,(anonymous_38)
FN:358,(anonymous_39)
FN:360,(anonymous_40)
FN:363,(anonymous_41)
FN:372,(anonymous_42)
FN:376,asyncModule
FN:385,(anonymous_44)
FN:388,(anonymous_45)
FN:392,(anonymous_46)
FN:395,(anonymous_47)
FN:404,handleAsyncDependencies
FN:406,(anonymous_49)
FN:406,(anonymous_50)
FN:411,(anonymous_51)
FN:414,fnQueue
FN:423,(anonymous_53)
FN:426,asyncResult
FN:449,relativeURL
FN:456,(anonymous_56)
FN:467,invariant
FN:472,requireStub
FN:478,applyModuleFactoryName
FN:488,externalImport
FN:505,externalRequire
FN:521,(anonymous_62)
FN:539,resolveAbsolutePath
FN:547,readWebAssemblyAsResponse
FN:558,compileWebAssemblyFromPath
FN:562,instantiateWebAssemblyFromPath
FN:571,(anonymous_67)
FN:592,resolvePathFromModule
FN:603,loadRuntimeChunk
FN:614,clearChunkCache
FN:617,loadRuntimeChunkPath
FN:641,loadChunkAsync
FN:671,loadChunkAsyncByUrl
FN:676,loadWebAssembly
FN:681,loadWebAssemblyModule
FN:686,getWorkerBlobURL
FN:690,instantiateModule
FN:705,(anonymous_78)
FN:730,getOrInstantiateModuleFromParent
FN:742,instantiateRuntimeModule
FN:748,getOrInstantiateRuntimeModule
FN:761,isJs
FN:764,(anonymous_83)
FN:765,(anonymous_84)
FN:766,(anonymous_85)
FNF:86
FNH:0
FNDA:0,Context
FNDA:0,defineProp
FNDA:0,getOverwrittenModule
FNDA:0,createModuleObject
FNDA:0,esm
FNDA:0,esmExport
FNDA:0,ensureDynamicExports
FNDA:0,(anonymous_7)
FNDA:0,(anonymous_8)
FNDA:0,dynamicExport
FNDA:0,exportValue
FNDA:0,exportNamespace
FNDA:0,createGetter
FNDA:0,(anonymous_13)
FNDA:0,(anonymous_14)
FNDA:0,(anonymous_15)
FNDA:0,interopEsm
FNDA:0,createNS
FNDA:0,(anonymous_18)
FNDA:0,esmImport
FNDA:0,asyncLoader
FNDA:0,require1
FNDA:0,commonJsRequire
FNDA:0,moduleContext
FNDA:0,moduleContext
FNDA:0,(anonymous_25)
FNDA:0,(anonymous_26)
FNDA:0,(anonymous_27)
FNDA:0,getChunkPath
FNDA:0,isPromise
FNDA:0,isAsyncModuleExt
FNDA:0,createPromise
FNDA:0,(anonymous_32)
FNDA:0,installCompressedModuleFactories
FNDA:0,resolveQueue
FNDA:0,(anonymous_35)
FNDA:0,(anonymous_36)
FNDA:0,wrapDeps
FNDA:0,(anonymous_38)
FNDA:0,(anonymous_39)
FNDA:0,(anonymous_40)
FNDA:0,(anonymous_41)
FNDA:0,(anonymous_42)
FNDA:0,asyncModule
FNDA:0,(anonymous_44)
FNDA:0,(anonymous_45)
FNDA:0,(anonymous_46)
FNDA:0,(anonymous_47)
FNDA:0,handleAsyncDependencies
FNDA:0,(anonymous_49)
FNDA:0,(anonymous_50)
FNDA:0,(anonymous_51)
FNDA:0,fnQueue
FNDA:0,(anonymous_53)
FNDA:0,asyncResult
FNDA:0,relativeURL
FNDA:0,(anonymous_56)
FNDA:0,invariant
FNDA:0,requireStub
FNDA:0,applyModuleFactoryName
FNDA:0,externalImport
FNDA:0,externalRequire
FNDA:0,(anonymous_62)
FNDA:0,resolveAbsolutePath
FNDA:0,readWebAssemblyAsResponse
FNDA:0,compileWebAssemblyFromPath
FNDA:0,instantiateWebAssemblyFromPath
FNDA:0,(anonymous_67)
FNDA:0,resolvePathFromModule
FNDA:0,loadRuntimeChunk
FNDA:0,clearChunkCache
FNDA:0,loadRuntimeChunkPath
FNDA:0,loadChunkAsync
FNDA:0,loadChunkAsyncByUrl
FNDA:0,loadWebAssembly
FNDA:0,loadWebAssemblyModule
FNDA:0,getWorkerBlobURL
FNDA:0,instantiateModule
FNDA:0,(anonymous_78)
FNDA:0,getOrInstantiateModuleFromParent
FNDA:0,instantiateRuntimeModule
FNDA:0,getOrInstantiateRuntimeModule
FNDA:0,isJs
FNDA:0,(anonymous_83)
FNDA:0,(anonymous_84)
FNDA:0,(anonymous_85)
DA:1,0
DA:2,0
DA:3,0
DA:10,0
DA:14,0
DA:22,0
DA:24,0
DA:25,0
DA:26,0
DA:28,0
DA:31,0
DA:32,0
DA:35,0
DA:36,0
DA:38,0
DA:43,0
DA:50,0
DA:54,0
DA:57,0
DA:60,0
DA:61,0
DA:62,0
DA:63,0
DA:64,0
DA:65,0
DA:66,0
DA:72,0
DA:75,0
DA:76,0
DA:77,0
DA:78,0
DA:84,0
DA:91,0
DA:98,0
DA:99,0
DA:100,0
DA:102,0
DA:103,0
DA:105,0
DA:106,0
DA:108,0
DA:110,0
DA:111,0
DA:112,0
DA:113,0
DA:115,0
DA:116,0
DA:118,0
DA:119,0
DA:120,0
DA:122,0
DA:125,0
DA:126,0
DA:127,0
DA:128,0
DA:131,0
DA:135,0
DA:142,0
DA:143,0
DA:144,0
DA:146,0
DA:147,0
DA:149,0
DA:150,0
DA:151,0
DA:154,0
DA:157,0
DA:158,0
DA:160,0
DA:162,0
DA:164,0
DA:167,0
DA:168,0
DA:170,0
DA:172,0
DA:174,0
DA:176,0
DA:180,0
DA:181,0
DA:194,0
DA:195,0
DA:196,0
DA:197,0
DA:198,0
DA:199,0
DA:200,0
DA:206,0
DA:208,0
DA:210,0
DA:212,0
DA:215,0
DA:216,0
DA:219,0
DA:220,0
DA:221,0
DA:224,0
DA:228,0
DA:230,0
DA:232,0
DA:233,0
DA:235,0
DA:237,0
DA:238,0
DA:240,0
DA:244,0
DA:245,0
DA:247,0
DA:249,0
DA:251,0
DA:256,0
DA:257,0
DA:259,0
DA:260,0
DA:261,0
DA:263,0
DA:264,0
DA:266,0
DA:267,0
DA:268,0
DA:270,0
DA:271,0
DA:272,0
DA:274,0
DA:275,0
DA:277,0
DA:279,0
DA:283,0
DA:286,0
DA:289,0
DA:294,0
DA:295,0
DA:296,0
DA:298,0
DA:311,0
DA:312,0
DA:313,0
DA:314,0
DA:316,0
DA:317,0
DA:319,0
DA:320,0
DA:324,0
DA:325,0
DA:326,0
DA:327,0
DA:328,0
DA:329,0
DA:330,0
DA:333,0
DA:338,0
DA:339,0
DA:340,0
DA:342,0
DA:343,0
DA:344,0
DA:345,0
DA:349,0
DA:350,0
DA:351,0
DA:352,0
DA:353,0
DA:356,0
DA:358,0
DA:360,0
DA:361,0
DA:362,0
DA:364,0
DA:365,0
DA:367,0
DA:370,0
DA:377,0
DA:378,0
DA:381,0
DA:382,0
DA:383,0
DA:386,0
DA:387,0
DA:388,0
DA:391,0
DA:393,0
DA:397,0
DA:398,0
DA:402,0
DA:403,0
DA:405,0
DA:406,0
DA:407,0
DA:408,0
DA:410,0
DA:411,0
DA:415,0
DA:416,0
DA:417,0
DA:418,0
DA:419,0
DA:423,0
DA:424,0
DA:427,0
DA:428,0
DA:430,0
DA:432,0
DA:434,0
DA:435,0
DA:436,0
DA:439,0
DA:449,0
DA:450,0
DA:451,0
DA:452,0
DA:453,0
DA:454,0
DA:455,0
DA:456,0
DA:457,0
DA:463,0
DA:464,0
DA:468,0
DA:473,0
DA:475,0
DA:477,0
DA:480,0
DA:490,0
DA:491,0
DA:497,0
DA:499,0
DA:500,0
DA:502,0
DA:504,0
DA:507,0
DA:508,0
DA:514,0
DA:516,0
DA:517,0
DA:519,0
DA:521,0
DA:522,0
DA:524,0
DA:525,0
DA:526,0
DA:528,0
DA:529,0
DA:531,0
DA:540,0
DA:541,0
DA:543,0
DA:545,0
DA:548,0
DA:549,0
DA:550,0
DA:552,0
DA:559,0
DA:560,0
DA:563,0
DA:564,0
DA:565,0
DA:571,0
DA:576,0
DA:580,0
DA:581,0
DA:583,0
DA:584,0
DA:585,0
DA:586,0
DA:587,0
DA:588,0
DA:589,0
DA:593,0
DA:594,0
DA:595,0
DA:596,0
DA:598,0
DA:599,0
DA:600,0
DA:602,0
DA:604,0
DA:605,0
DA:607,0
DA:610,0
DA:611,0
DA:612,0
DA:613,0
DA:615,0
DA:618,0
DA:621,0
DA:623,0
DA:624,0
DA:626,0
DA:627,0
DA:628,0
DA:629,0
DA:630,0
DA:632,0
DA:633,0
DA:634,0
DA:636,0
DA:642,0
DA:643,0
DA:646,0
DA:648,0
DA:649,0
DA:650,0
DA:652,0
DA:655,0
DA:656,0
DA:657,0
DA:659,0
DA:661,0
DA:665,0
DA:668,0
DA:670,0
DA:672,0
DA:673,0
DA:675,0
DA:677,0
DA:678,0
DA:680,0
DA:682,0
DA:683,0
DA:685,0
DA:687,0
DA:689,0
DA:691,0
DA:692,0
DA:697,0
DA:699,0
DA:700,0
DA:702,0
DA:703,0
DA:705,0
DA:707,0
DA:709,0
DA:710,0
DA:711,0
DA:712,0
DA:714,0
DA:715,0
DA:717,0
DA:718,0
DA:720,0
DA:721,0
DA:723,0
DA:725,0
DA:731,0
DA:732,0
DA:733,0
DA:734,0
DA:736,0
DA:738,0
DA:743,0
DA:749,0
DA:750,0
DA:751,0
DA:752,0
DA:754,0
DA:756,0
DA:758,0
DA:762,0
DA:764,0
DA:765,0
DA:766,0
LF:360
LH:0
BRDA:26,0,0,0
BRDA:26,0,1,0
BRDA:28,1,0,0
BRDA:28,1,1,0
BRDA:32,2,0,0
BRDA:32,2,1,0
BRDA:57,3,0,0
BRDA:57,3,1,0
BRDA:64,4,0,0
BRDA:64,4,1,0
BRDA:65,5,0,0
BRDA:65,5,1,0
BRDA:76,6,0,0
BRDA:76,6,1,0
BRDA:98,7,0,0
BRDA:98,7,1,0
BRDA:111,8,0,0
BRDA:111,8,1,0
BRDA:115,9,0,0
BRDA:115,9,1,0
BRDA:115,10,0,0
BRDA:115,10,1,0
BRDA:115,10,2,0
BRDA:120,11,0,0
BRDA:120,11,1,0
BRDA:128,12,0,0
BRDA:128,12,1,0
BRDA:128,13,0,0
BRDA:128,13,1,0
BRDA:142,14,0,0
BRDA:142,14,1,0
BRDA:150,15,0,0
BRDA:150,15,1,0
BRDA:150,16,0,0
BRDA:150,16,1,0
BRDA:157,17,0,0
BRDA:157,17,1,0
BRDA:167,18,0,0
BRDA:167,18,1,0
BRDA:180,19,0,0
BRDA:180,19,1,0
BRDA:196,20,0,0
BRDA:196,20,1,0
BRDA:196,20,2,0
BRDA:199,21,0,0
BRDA:199,21,1,0
BRDA:199,22,0,0
BRDA:199,22,1,0
BRDA:206,23,0,0
BRDA:206,23,1,0
BRDA:206,24,0,0
BRDA:206,24,1,0
BRDA:208,25,0,0
BRDA:208,25,1,0
BRDA:219,26,0,0
BRDA:219,26,1,0
BRDA:230,27,0,0
BRDA:230,27,1,0
BRDA:233,28,0,0
BRDA:233,28,1,0
BRDA:244,29,0,0
BRDA:244,29,1,0
BRDA:256,30,0,0
BRDA:256,30,1,0
BRDA:267,31,0,0
BRDA:267,31,1,0
BRDA:283,32,0,0
BRDA:283,32,1,0
BRDA:286,33,0,0
BRDA:286,33,1,0
BRDA:286,33,2,0
BRDA:286,33,3,0
BRDA:316,34,0,0
BRDA:316,34,1,0
BRDA:319,35,0,0
BRDA:319,35,1,0
BRDA:324,36,0,0
BRDA:324,36,1,0
BRDA:342,37,0,0
BRDA:342,37,1,0
BRDA:342,38,0,0
BRDA:342,38,1,0
BRDA:345,39,0,0
BRDA:345,39,1,0
BRDA:350,40,0,0
BRDA:350,40,1,0
BRDA:350,41,0,0
BRDA:350,41,1,0
BRDA:351,42,0,0
BRDA:351,42,1,0
BRDA:352,43,0,0
BRDA:352,43,1,0
BRDA:378,44,0,0
BRDA:378,44,1,0
BRDA:386,45,0,0
BRDA:386,45,1,0
BRDA:397,46,0,0
BRDA:397,46,1,0
BRDA:407,47,0,0
BRDA:407,47,1,0
BRDA:415,48,0,0
BRDA:415,48,1,0
BRDA:415,49,0,0
BRDA:415,49,1,0
BRDA:417,50,0,0
BRDA:417,50,1,0
BRDA:417,51,0,0
BRDA:417,51,1,0
BRDA:424,52,0,0
BRDA:424,52,1,0
BRDA:427,53,0,0
BRDA:427,53,1,0
BRDA:435,54,0,0
BRDA:435,54,1,0
BRDA:435,55,0,0
BRDA:435,55,1,0
BRDA:499,56,0,0
BRDA:499,56,1,0
BRDA:499,57,0,0
BRDA:499,57,1,0
BRDA:499,57,2,0
BRDA:499,57,3,0
BRDA:505,58,0,0
BRDA:516,59,0,0
BRDA:516,59,1,0
BRDA:516,60,0,0
BRDA:516,60,1,0
BRDA:540,61,0,0
BRDA:540,61,1,0
BRDA:582,62,0,0
BRDA:582,62,1,0
BRDA:594,63,0,0
BRDA:594,63,1,0
BRDA:595,64,0,0
BRDA:595,64,1,0
BRDA:604,65,0,0
BRDA:604,65,1,0
BRDA:618,66,0,0
BRDA:618,66,1,0
BRDA:623,67,0,0
BRDA:623,67,1,0
BRDA:633,68,0,0
BRDA:633,68,1,0
BRDA:642,69,0,0
BRDA:642,69,1,0
BRDA:643,70,0,0
BRDA:643,70,1,0
BRDA:649,71,0,0
BRDA:649,71,1,0
BRDA:692,72,0,0
BRDA:692,72,1,0
BRDA:697,73,0,0
BRDA:697,73,1,0
BRDA:697,73,2,0
BRDA:721,74,0,0
BRDA:721,74,1,0
BRDA:721,75,0,0
BRDA:721,75,1,0
BRDA:732,76,0,0
BRDA:732,76,1,0
BRDA:733,77,0,0
BRDA:733,77,1,0
BRDA:750,78,0,0
BRDA:750,78,1,0
BRDA:751,79,0,0
BRDA:751,79,1,0
BRF:166
BRH:0
end_of_record
TN:
SF:apps/web/.next/build/chunks/node_modules__pnpm_56ec7204._.js
FN:2,(anonymous_0)
FN:6,(anonymous_1)
FN:6,(anonymous_2)
FN:10,(anonymous_3)
FN:19,(anonymous_4)
FN:20,(anonymous_5)
FN:69,(anonymous_6)
FN:95,tokenizer
FN:104,position
FN:107,unclosed
FN:110,endOfFile
FN:113,nextToken
FN:323,back
FN:334,(anonymous_13)
FN:340,registerInput
FN:360,getTokenType
FN:376,terminalHighlight
FN:385,(anonymous_17)
FN:395,(anonymous_18)
FN:401,(anonymous_19)
FN:430,(anonymous_20)
FN:438,(anonymous_21)
FN:452,(anonymous_22)
FN:453,(anonymous_23)
FN:455,(anonymous_24)
FN:457,(anonymous_25)
FN:467,(anonymous_26)
FN:478,(anonymous_27)
FN:484,(anonymous_28)
FN:501,capitalize
FN:505,(anonymous_30)
FN:508,(anonymous_31)
FN:523,(anonymous_32)
FN:548,(anonymous_33)
FN:561,(anonymous_34)
FN:575,(anonymous_35)
FN:580,(anonymous_36)
FN:589,(anonymous_37)
FN:592,(anonymous_38)
FN:626,(anonymous_39)
FN:636,(anonymous_40)
FN:638,(anonymous_41)
FN:652,(anonymous_42)
FN:654,(anonymous_43)
FN:670,(anonymous_44)
FN:672,(anonymous_45)
FN:688,(anonymous_46)
FN:690,(anonymous_47)
FN:698,(anonymous_48)
FN:700,(anonymous_49)
FN:714,(anonymous_50)
FN:716,(anonymous_51)
FN:724,(anonymous_52)
FN:726,(anonymous_53)
FN:734,(anonymous_54)
FN:737,(anonymous_55)
FN:750,(anonymous_56)
FN:752,(anonymous_57)
FN:760,(anonymous_58)
FN:768,(anonymous_59)
FN:772,(anonymous_60)
FN:778,(anonymous_61)
FN:788,(anonymous_62)
FN:792,stringify
FN:799,(anonymous_64)
FN:806,cloneNode
FN:820,(anonymous_66)
FN:829,(anonymous_67)
FN:848,(anonymous_68)
FN:856,(anonymous_69)
FN:860,(anonymous_70)
FN:866,(anonymous_71)
FN:870,(anonymous_72)
FN:875,(anonymous_73)
FN:882,(anonymous_74)
FN:887,(anonymous_75)
FN:892,(anonymous_76)
FN:905,(anonymous_77)
FN:907,(anonymous_78)
FN:911,(anonymous_79)
FN:916,(anonymous_80)
FN:926,(anonymous_81)
FN:935,(anonymous_82)
FN:940,(anonymous_83)
FN:951,(anonymous_84)
FN:968,(anonymous_85)
FN:973,(anonymous_86)
FN:1023,(anonymous_87)
FN:1027,(anonymous_88)
FN:1034,(anonymous_89)
FN:1054,(anonymous_90)
FN:1061,(anonymous_91)
FN:1073,(anonymous_92)
FN:1101,(anonymous_93)
FN:1105,(anonymous_94)
FN:1111,(anonymous_95)
FN:1114,(anonymous_96)
FN:1119,(anonymous_97)
FN:1126,(anonymous_98)
FN:1133,(anonymous_99)
FN:1138,(anonymous_100)
FN:1148,(anonymous_101)
FN:1155,(anonymous_102)
FN:1164,(anonymous_103)
FN:1173,(anonymous_104)
FN:1208,(anonymous_105)
FN:1268,toVLQSigned
FN:1276,fromVLQSigned
FN:1283,base64VLQ_encode
FN:1302,base64VLQ_decode
FN:1324,(anonymous_110)
FN:1339,getArg
FN:1351,urlParse
FN:1365,urlGenerate
FN:1393,lruMemoize
FN:1395,(anonymous_115)
FN:1425,normalize
FN:1498,join
FN:1533,(anonymous_118)
FN:1541,relative
FN:1569,(anonymous_120)
FN:1573,identity
FN:1584,toSetString
FN:1591,fromSetString
FN:1598,isProtoString
FN:1623,compareByOriginalPositions
FN:1647,compareByOriginalPositionsNoSource
FN:1676,compareByGeneratedPositionsDeflated
FN:1700,compareByGeneratedPositionsDeflatedNoLine
FN:1720,strcmp
FN:1738,compareByGeneratedPositionsInflated
FN:1766,parseSourceMapInput
FN:1773,computeSourceURL
FN:1819,(anonymous_133)
FN:1833,ArraySet
FN:1839,ArraySet_fromArray
FN:1851,ArraySet_size
FN:1858,ArraySet_add
FN:1877,ArraySet_has
FN:1889,ArraySet_indexOf
FN:1907,ArraySet_at
FN:1917,ArraySet_toArray
FN:1922,(anonymous_142)
FN:1932,generatedPositionAfter
FN:1944,MappingList
FN:1958,MappingList_forEach
FN:1965,MappingList_add
FN:1982,MappingList_toArray
FN:1991,(anonymous_148)
FN:2008,SourceMapGenerator
FN:2026,SourceMapGenerator_fromSourceMap
FN:2032,(anonymous_151)
FN:2054,(anonymous_152)
FN:2078,SourceMapGenerator_addMapping
FN:2111,SourceMapGenerator_setSourceContent
FN:2147,SourceMapGenerator_applySourceMap
FN:2166,(anonymous_156)
FN:2201,(anonymous_157)
FN:2224,SourceMapGenerator_validateMapping
FN:2266,SourceMapGenerator_serializeMappings
FN:2317,SourceMapGenerator_generateSourcesContent
FN:2318,(anonymous_161)
FN:2331,SourceMapGenerator_toJSON
FN:2351,SourceMapGenerator_toString
FN:2356,(anonymous_164)
FN:2376,recursiveSearch
FN:2435,search
FN:2455,(anonymous_167)
FN:2470,SortTemplate
FN:2480,swap
FN:2492,randomIntInRange
FN:2506,doQuickSort
FN:2546,cloneSort
FN:2559,(anonymous_173)
FN:2568,(anonymous_174)
FN:2579,SourceMapConsumer
FN:2586,(anonymous_176)
FN:2625,(anonymous_177)
FN:2636,(anonymous_178)
FN:2643,SourceMapConsumer_charIsMappingSeparator
FN:2651,SourceMapConsumer_parseMappings
FN:2673,SourceMapConsumer_eachMapping
FN:2729,SourceMapConsumer_allGeneratedPositionsFor
FN:2814,BasicSourceMapConsumer
FN:2843,(anonymous_184)
FN:2852,(anonymous_185)
FN:2866,(anonymous_186)
FN:2892,SourceMapConsumer_fromSourceMap
FN:2900,(anonymous_188)
FN:2935,(anonymous_189)
FN:2941,Mapping
FN:2954,sortGenerated
FN:2982,SourceMapConsumer_parseMappings
FN:3074,SourceMapConsumer_findMapping
FN:3090,SourceMapConsumer_computeColumnSpans
FN:3131,SourceMapConsumer_originalPositionFor
FN:3167,BasicSourceMapConsumer_hasContentsOfAllSources
FN:3171,(anonymous_197)
FN:3179,SourceMapConsumer_sourceContentFor
FN:3237,SourceMapConsumer_generatedPositionFor
FN:3318,IndexedSourceMapConsumer
FN:3334,(anonymous_201)
FN:3366,(anonymous_202)
FN:3394,IndexedSourceMapConsumer_originalPositionFor
FN:3401,(anonymous_204)
FN:3426,IndexedSourceMapConsumer_hasContentsOfAllSources
FN:3427,(anonymous_206)
FN:3435,IndexedSourceMapConsumer_sourceContentFor
FN:3466,IndexedSourceMapConsumer_generatedPositionFor
FN:3492,IndexedSourceMapConsumer_parseMappings
FN:3535,(anonymous_210)
FN:3563,SourceNode
FN:3580,SourceNode_fromStringWithSourceMap
FN:3590,(anonymous_213)
FN:3597,getNextLine
FN:3607,(anonymous_215)
FN:3656,(anonymous_216)
FN:3668,addMappingWithCode
FN:3682,SourceNode_add
FN:3684,(anonymous_219)
FN:3701,SourceNode_prepend
FN:3719,SourceNode_walk
FN:3742,SourceNode_join
FN:3763,SourceNode_replaceRight
FN:3780,SourceNode_setSourceContent
FN:3788,SourceNode_walkSourceContents
FN:3802,SourceNode_toString
FN:3804,(anonymous_227)
FN:3812,SourceNode_toStringWithSourceMap
FN:3824,(anonymous_229)
FN:3883,(anonymous_230)
FN:3893,(anonymous_231)
FN:3903,(anonymous_232)
FN:3912,(anonymous_233)
FN:3913,(anonymous_234)
FN:3924,(anonymous_235)
FN:3939,(anonymous_236)
FN:3945,fromBase64
FN:3952,(anonymous_238)
FN:3964,(anonymous_239)
FN:3970,(anonymous_240)
FN:3984,(anonymous_241)
FN:3987,(anonymous_242)
FN:3991,(anonymous_243)
FN:4002,(anonymous_244)
FN:4009,(anonymous_245)
FN:4040,(anonymous_246)
FN:4044,(anonymous_247)
FN:4051,(anonymous_248)
FN:4065,(anonymous_249)
FN:4096,(anonymous_250)
FN:4155,(anonymous_251)
FN:4193,(anonymous_252)
FN:4199,(anonymous_253)
FN:4238,(anonymous_254)
FN:4260,(anonymous_255)
FN:4270,(anonymous_256)
FN:4280,(anonymous_257)
FN:4291,(anonymous_258)
FN:4306,(anonymous_259)
FN:4314,(anonymous_260)
FN:4322,(anonymous_261)
FN:4337,(anonymous_262)
FN:4343,(anonymous_263)
FN:4351,(anonymous_264)
FN:4388,(anonymous_265)
FN:4408,(anonymous_266)
FN:4458,(anonymous_267)
FN:4466,(anonymous_268)
FN:4470,(anonymous_269)
FN:4479,(anonymous_270)
FN:4483,(anonymous_271)
FN:4489,(anonymous_272)
FN:4494,(anonymous_273)
FN:4498,(anonymous_274)
FN:4507,(anonymous_275)
FN:4521,(anonymous_276)
FN:4525,(anonymous_277)
FN:4540,(anonymous_278)
FN:4543,(anonymous_279)
FN:4558,(anonymous_280)
FN:4567,(anonymous_281)
FN:4573,(anonymous_282)
FN:4583,(anonymous_283)
FN:4596,(anonymous_284)
FN:4601,(anonymous_285)
FN:4609,(anonymous_286)
FN:4617,cleanSource
FN:4618,(anonymous_288)
FN:4624,markDirtyUp
FN:4633,(anonymous_290)
FN:4641,(anonymous_291)
FN:4647,(anonymous_292)
FN:4660,(anonymous_293)
FN:4663,(anonymous_294)
FN:4671,(anonymous_295)
FN:4673,(anonymous_296)
FN:4679,(anonymous_297)
FN:4680,(anonymous_298)
FN:4682,(anonymous_299)
FN:4689,(anonymous_300)
FN:4690,(anonymous_301)
FN:4693,(anonymous_302)
FN:4695,(anonymous_303)
FN:4702,(anonymous_304)
FN:4712,(anonymous_305)
FN:4717,(anonymous_306)
FN:4732,(anonymous_307)
FN:4748,(anonymous_308)
FN:4789,(anonymous_309)
FN:4804,(anonymous_310)
FN:4816,(anonymous_311)
FN:4821,(anonymous_312)
FN:4827,(anonymous_313)
FN:4841,(anonymous_314)
FN:4846,(anonymous_315)
FN:4854,(anonymous_316)
FN:4857,(anonymous_317)
FN:4858,(anonymous_318)
FN:4871,(anonymous_319)
FN:4874,(anonymous_320)
FN:4881,(anonymous_321)
FN:4887,(anonymous_322)
FN:4893,(anonymous_323)
FN:4894,(anonymous_324)
FN:4900,(anonymous_325)
FN:4903,(anonymous_326)
FN:4910,(anonymous_327)
FN:4916,(anonymous_328)
FN:4922,(anonymous_329)
FN:4925,(anonymous_330)
FN:4932,(anonymous_331)
FN:4938,(anonymous_332)
FN:4944,(anonymous_333)
FN:4948,(anonymous_334)
FN:4953,(anonymous_335)
FN:4956,(anonymous_336)
FN:4959,(anonymous_337)
FN:4962,(anonymous_338)
FN:4967,(anonymous_339)
FN:4981,(anonymous_340)
FN:4987,(anonymous_341)
FN:4993,(anonymous_342)
FN:5003,(anonymous_343)
FN:5008,(anonymous_344)
FN:5011,(anonymous_345)
FN:5017,(anonymous_346)
FN:5021,warnOnce
FN:5029,(anonymous_348)
FN:5033,(anonymous_349)
FN:5045,(anonymous_350)
FN:5062,(anonymous_351)
FN:5067,(anonymous_352)
FN:5075,(anonymous_353)
FN:5078,(anonymous_354)
FN:5088,(anonymous_355)
FN:5089,(anonymous_356)
FN:5091,(anonymous_357)
FN:5098,(anonymous_358)
FN:5103,(anonymous_359)
FN:5107,(anonymous_360)
FN:5111,(anonymous_361)
FN:5120,(anonymous_362)
FN:5126,(anonymous_363)
FN:5131,(anonymous_364)
FN:5148,(anonymous_365)
FN:5155,(anonymous_366)
FN:5160,(anonymous_367)
FN:5163,(anonymous_368)
FN:5170,(anonymous_369)
FN:5174,(anonymous_370)
FN:5179,(anonymous_371)
FN:5187,(anonymous_372)
FN:5229,(anonymous_373)
FN:5235,(anonymous_374)
FN:5240,(anonymous_375)
FN:5243,(anonymous_376)
FN:5253,(anonymous_377)
FN:5266,findLastWithPosition
FN:5274,(anonymous_379)
FN:5291,(anonymous_380)
FN:5369,(anonymous_381)
FN:5386,(anonymous_382)
FN:5411,(anonymous_383)
FN:5428,(anonymous_384)
FN:5431,(anonymous_385)
FN:5510,(anonymous_386)
FN:5512,(anonymous_387)
FN:5520,(anonymous_388)
FN:5527,(anonymous_389)
FN:5534,(anonymous_390)
FN:5549,(anonymous_391)
FN:5557,(anonymous_392)
FN:5568,(anonymous_393)
FN:5576,(anonymous_394)
FN:5586,(anonymous_395)
FN:5643,(anonymous_396)
FN:5673,(anonymous_397)
FN:5676,(anonymous_398)
FN:5704,(anonymous_399)
FN:5712,(anonymous_400)
FN:5720,(anonymous_401)
FN:5731,(anonymous_402)
FN:5741,(anonymous_403)
FN:5751,(anonymous_404)
FN:5759,(anonymous_405)
FN:5763,(anonymous_406)
FN:5770,(anonymous_407)
FN:5777,(anonymous_408)
FN:5784,(anonymous_409)
FN:5794,(anonymous_410)
FN:5800,parse
FN:5816,(anonymous_412)
FN:5860,isPromise
FN:5863,getEvents
FN:5899,toStack
FN:5925,cleanMarks
FN:5927,(anonymous_417)
FN:5932,(anonymous_418)
FN:5966,(anonymous_419)
FN:5977,(anonymous_420)
FN:5985,(anonymous_421)
FN:5988,(anonymous_422)
FN:5991,(anonymous_423)
FN:5994,(anonymous_424)
FN:6012,(anonymous_425)
FN:6014,(anonymous_426)
FN:6045,(anonymous_427)
FN:6083,(anonymous_428)
FN:6097,(anonymous_429)
FN:6102,(anonymous_430)
FN:6116,(anonymous_431)
FN:6132,(anonymous_432)
FN:6164,(anonymous_433)
FN:6169,(anonymous_434)
FN:6172,(anonymous_435)
FN:6189,(anonymous_436)
FN:6241,(anonymous_437)
FN:6247,(anonymous_438)
FN:6259,(anonymous_439)
FN:6262,(anonymous_440)
FN:6265,(anonymous_441)
FN:6268,(anonymous_442)
FN:6271,(anonymous_443)
FN:6274,(anonymous_444)
FN:6277,(anonymous_445)
FN:6280,(anonymous_446)
FN:6283,(anonymous_447)
FN:6287,(anonymous_448)
FN:6295,(anonymous_449)
FN:6304,(anonymous_450)
FN:6317,(anonymous_451)
FN:6332,(anonymous_452)
FN:6336,(anonymous_453)
FN:6339,(anonymous_454)
FN:6342,(anonymous_455)
FN:6346,(anonymous_456)
FN:6351,(anonymous_457)
FN:6354,(anonymous_458)
FN:6357,(anonymous_459)
FN:6360,(anonymous_460)
FN:6363,(anonymous_461)
FN:6366,(anonymous_462)
FN:6369,(anonymous_463)
FN:6372,(anonymous_464)
FN:6375,(anonymous_465)
FN:6393,(anonymous_466)
FN:6400,(anonymous_467)
FN:6408,(anonymous_468)
FN:6412,(anonymous_469)
FN:6435,(anonymous_470)
FN:6442,(anonymous_471)
FN:6454,(anonymous_472)
FN:6464,fromJSON
FN:6465,(anonymous_474)
FN:6484,(anonymous_475)
FN:6510,(anonymous_476)
FN:6531,postcss
FN:6537,plugin
FN:6539,creator
FN:6557,(anonymous_480)
FN:6562,(anonymous_481)
FN:6573,(anonymous_482)
FN:6574,(anonymous_483)
FN:6575,(anonymous_484)
FN:6576,(anonymous_485)
FN:6577,(anonymous_486)
FN:6578,(anonymous_487)
FN:6596,(anonymous_488)
FN:6601,(anonymous_489)
FN:6603,(anonymous_490)
FN:6605,(anonymous_491)
FN:6607,(anonymous_492)
FN:6609,(anonymous_493)
FN:6611,(anonymous_494)
FN:6613,(anonymous_495)
FN:6615,(anonymous_496)
FN:6617,(anonymous_497)
FN:6619,(anonymous_498)
FN:6621,(anonymous_499)
FN:6623,(anonymous_500)
FN:6625,(anonymous_501)
FN:6627,(anonymous_502)
FN:6629,(anonymous_503)
FN:6631,(anonymous_504)
FN:6633,(anonymous_505)
FN:6635,(anonymous_506)
FN:6637,(anonymous_507)
FN:6639,(anonymous_508)
FN:6641,(anonymous_509)
FN:6643,(anonymous_510)
FN:6645,(anonymous_511)
FN:6647,(anonymous_512)
FN:6649,(anonymous_513)
FNF:514
FNH:0
FNDA:0,(anonymous_0)
FNDA:0,(anonymous_1)
FNDA:0,(anonymous_2)
FNDA:0,(anonymous_3)
FNDA:0,(anonymous_4)
FNDA:0,(anonymous_5)
FNDA:0,(anonymous_6)
FNDA:0,tokenizer
FNDA:0,position
FNDA:0,unclosed
FNDA:0,endOfFile
FNDA:0,nextToken
FNDA:0,back
FNDA:0,(anonymous_13)
FNDA:0,registerInput
FNDA:0,getTokenType
FNDA:0,terminalHighlight
FNDA:0,(anonymous_17)
FNDA:0,(anonymous_18)
FNDA:0,(anonymous_19)
FNDA:0,(anonymous_20)
FNDA:0,(anonymous_21)
FNDA:0,(anonymous_22)
FNDA:0,(anonymous_23)
FNDA:0,(anonymous_24)
FNDA:0,(anonymous_25)
FNDA:0,(anonymous_26)
FNDA:0,(anonymous_27)
FNDA:0,(anonymous_28)
FNDA:0,capitalize
FNDA:0,(anonymous_30)
FNDA:0,(anonymous_31)
FNDA:0,(anonymous_32)
FNDA:0,(anonymous_33)
FNDA:0,(anonymous_34)
FNDA:0,(anonymous_35)
FNDA:0,(anonymous_36)
FNDA:0,(anonymous_37)
FNDA:0,(anonymous_38)
FNDA:0,(anonymous_39)
FNDA:0,(anonymous_40)
FNDA:0,(anonymous_41)
FNDA:0,(anonymous_42)
FNDA:0,(anonymous_43)
FNDA:0,(anonymous_44)
FNDA:0,(anonymous_45)
FNDA:0,(anonymous_46)
FNDA:0,(anonymous_47)
FNDA:0,(anonymous_48)
FNDA:0,(anonymous_49)
FNDA:0,(anonymous_50)
FNDA:0,(anonymous_51)
FNDA:0,(anonymous_52)
FNDA:0,(anonymous_53)
FNDA:0,(anonymous_54)
FNDA:0,(anonymous_55)
FNDA:0,(anonymous_56)
FNDA:0,(anonymous_57)
FNDA:0,(anonymous_58)
FNDA:0,(anonymous_59)
FNDA:0,(anonymous_60)
FNDA:0,(anonymous_61)
FNDA:0,(anonymous_62)
FNDA:0,stringify
FNDA:0,(anonymous_64)
FNDA:0,cloneNode
FNDA:0,(anonymous_66)
FNDA:0,(anonymous_67)
FNDA:0,(anonymous_68)
FNDA:0,(anonymous_69)
FNDA:0,(anonymous_70)
FNDA:0,(anonymous_71)
FNDA:0,(anonymous_72)
FNDA:0,(anonymous_73)
FNDA:0,(anonymous_74)
FNDA:0,(anonymous_75)
FNDA:0,(anonymous_76)
FNDA:0,(anonymous_77)
FNDA:0,(anonymous_78)
FNDA:0,(anonymous_79)
FNDA:0,(anonymous_80)
FNDA:0,(anonymous_81)
FNDA:0,(anonymous_82)
FNDA:0,(anonymous_83)
FNDA:0,(anonymous_84)
FNDA:0,(anonymous_85)
FNDA:0,(anonymous_86)
FNDA:0,(anonymous_87)
FNDA:0,(anonymous_88)
FNDA:0,(anonymous_89)
FNDA:0,(anonymous_90)
FNDA:0,(anonymous_91)
FNDA:0,(anonymous_92)
FNDA:0,(anonymous_93)
FNDA:0,(anonymous_94)
FNDA:0,(anonymous_95)
FNDA:0,(anonymous_96)
FNDA:0,(anonymous_97)
FNDA:0,(anonymous_98)
FNDA:0,(anonymous_99)
FNDA:0,(anonymous_100)
FNDA:0,(anonymous_101)
FNDA:0,(anonymous_102)
FNDA:0,(anonymous_103)
FNDA:0,(anonymous_104)
FNDA:0,(anonymous_105)
FNDA:0,toVLQSigned
FNDA:0,fromVLQSigned
FNDA:0,base64VLQ_encode
FNDA:0,base64VLQ_decode
FNDA:0,(anonymous_110)
FNDA:0,getArg
FNDA:0,urlParse
FNDA:0,urlGenerate
FNDA:0,lruMemoize
FNDA:0,(anonymous_115)
FNDA:0,normalize
FNDA:0,join
FNDA:0,(anonymous_118)
FNDA:0,relative
FNDA:0,(anonymous_120)
FNDA:0,identity
FNDA:0,toSetString
FNDA:0,fromSetString
FNDA:0,isProtoString
FNDA:0,compareByOriginalPositions
FNDA:0,compareByOriginalPositionsNoSource
FNDA:0,compareByGeneratedPositionsDeflated
FNDA:0,compareByGeneratedPositionsDeflatedNoLine
FNDA:0,strcmp
FNDA:0,compareByGeneratedPositionsInflated
FNDA:0,parseSourceMapInput
FNDA:0,computeSourceURL
FNDA:0,(anonymous_133)
FNDA:0,ArraySet
FNDA:0,ArraySet_fromArray
FNDA:0,ArraySet_size
FNDA:0,ArraySet_add
FNDA:0,ArraySet_has
FNDA:0,ArraySet_indexOf
FNDA:0,ArraySet_at
FNDA:0,ArraySet_toArray
FNDA:0,(anonymous_142)
FNDA:0,generatedPositionAfter
FNDA:0,MappingList
FNDA:0,MappingList_forEach
FNDA:0,MappingList_add
FNDA:0,MappingList_toArray
FNDA:0,(anonymous_148)
FNDA:0,SourceMapGenerator
FNDA:0,SourceMapGenerator_fromSourceMap
FNDA:0,(anonymous_151)
FNDA:0,(anonymous_152)
FNDA:0,SourceMapGenerator_addMapping
FNDA:0,SourceMapGenerator_setSourceContent
FNDA:0,SourceMapGenerator_applySourceMap
FNDA:0,(anonymous_156)
FNDA:0,(anonymous_157)
FNDA:0,SourceMapGenerator_validateMapping
FNDA:0,SourceMapGenerator_serializeMappings
FNDA:0,SourceMapGenerator_generateSourcesContent
FNDA:0,(anonymous_161)
FNDA:0,SourceMapGenerator_toJSON
FNDA:0,SourceMapGenerator_toString
FNDA:0,(anonymous_164)
FNDA:0,recursiveSearch
FNDA:0,search
FNDA:0,(anonymous_167)
FNDA:0,SortTemplate
FNDA:0,swap
FNDA:0,randomIntInRange
FNDA:0,doQuickSort
FNDA:0,cloneSort
FNDA:0,(anonymous_173)
FNDA:0,(anonymous_174)
FNDA:0,SourceMapConsumer
FNDA:0,(anonymous_176)
FNDA:0,(anonymous_177)
FNDA:0,(anonymous_178)
FNDA:0,SourceMapConsumer_charIsMappingSeparator
FNDA:0,SourceMapConsumer_parseMappings
FNDA:0,SourceMapConsumer_eachMapping
FNDA:0,SourceMapConsumer_allGeneratedPositionsFor
FNDA:0,BasicSourceMapConsumer
FNDA:0,(anonymous_184)
FNDA:0,(anonymous_185)
FNDA:0,(anonymous_186)
FNDA:0,SourceMapConsumer_fromSourceMap
FNDA:0,(anonymous_188)
FNDA:0,(anonymous_189)
FNDA:0,Mapping
FNDA:0,sortGenerated
FNDA:0,SourceMapConsumer_parseMappings
FNDA:0,SourceMapConsumer_findMapping
FNDA:0,SourceMapConsumer_computeColumnSpans
FNDA:0,SourceMapConsumer_originalPositionFor
FNDA:0,BasicSourceMapConsumer_hasContentsOfAllSources
FNDA:0,(anonymous_197)
FNDA:0,SourceMapConsumer_sourceContentFor
FNDA:0,SourceMapConsumer_generatedPositionFor
FNDA:0,IndexedSourceMapConsumer
FNDA:0,(anonymous_201)
FNDA:0,(anonymous_202)
FNDA:0,IndexedSourceMapConsumer_originalPositionFor
FNDA:0,(anonymous_204)
FNDA:0,IndexedSourceMapConsumer_hasContentsOfAllSources
FNDA:0,(anonymous_206)
FNDA:0,IndexedSourceMapConsumer_sourceContentFor
FNDA:0,IndexedSourceMapConsumer_generatedPositionFor
FNDA:0,IndexedSourceMapConsumer_parseMappings
FNDA:0,(anonymous_210)
FNDA:0,SourceNode
FNDA:0,SourceNode_fromStringWithSourceMap
FNDA:0,(anonymous_213)
FNDA:0,getNextLine
FNDA:0,(anonymous_215)
FNDA:0,(anonymous_216)
FNDA:0,addMappingWithCode
FNDA:0,SourceNode_add
FNDA:0,(anonymous_219)
FNDA:0,SourceNode_prepend
FNDA:0,SourceNode_walk
FNDA:0,SourceNode_join
FNDA:0,SourceNode_replaceRight
FNDA:0,SourceNode_setSourceContent
FNDA:0,SourceNode_walkSourceContents
FNDA:0,SourceNode_toString
FNDA:0,(anonymous_227)
FNDA:0,SourceNode_toStringWithSourceMap
FNDA:0,(anonymous_229)
FNDA:0,(anonymous_230)
FNDA:0,(anonymous_231)
FNDA:0,(anonymous_232)
FNDA:0,(anonymous_233)
FNDA:0,(anonymous_234)
FNDA:0,(anonymous_235)
FNDA:0,(anonymous_236)
FNDA:0,fromBase64
FNDA:0,(anonymous_238)
FNDA:0,(anonymous_239)
FNDA:0,(anonymous_240)
FNDA:0,(anonymous_241)
FNDA:0,(anonymous_242)
FNDA:0,(anonymous_243)
FNDA:0,(anonymous_244)
FNDA:0,(anonymous_245)
FNDA:0,(anonymous_246)
FNDA:0,(anonymous_247)
FNDA:0,(anonymous_248)
FNDA:0,(anonymous_249)
FNDA:0,(anonymous_250)
FNDA:0,(anonymous_251)
FNDA:0,(anonymous_252)
FNDA:0,(anonymous_253)
FNDA:0,(anonymous_254)
FNDA:0,(anonymous_255)
FNDA:0,(anonymous_256)
FNDA:0,(anonymous_257)
FNDA:0,(anonymous_258)
FNDA:0,(anonymous_259)
FNDA:0,(anonymous_260)
FNDA:0,(anonymous_261)
FNDA:0,(anonymous_262)
FNDA:0,(anonymous_263)
FNDA:0,(anonymous_264)
FNDA:0,(anonymous_265)
FNDA:0,(anonymous_266)
FNDA:0,(anonymous_267)
FNDA:0,(anonymous_268)
FNDA:0,(anonymous_269)
FNDA:0,(anonymous_270)
FNDA:0,(anonymous_271)
FNDA:0,(anonymous_272)
FNDA:0,(anonymous_273)
FNDA:0,(anonymous_274)
FNDA:0,(anonymous_275)
FNDA:0,(anonymous_276)
FNDA:0,(anonymous_277)
FNDA:0,(anonymous_278)
FNDA:0,(anonymous_279)
FNDA:0,(anonymous_280)
FNDA:0,(anonymous_281)
FNDA:0,(anonymous_282)
FNDA:0,(anonymous_283)
FNDA:0,(anonymous_284)
FNDA:0,(anonymous_285)
FNDA:0,(anonymous_286)
FNDA:0,cleanSource
FNDA:0,(anonymous_288)
FNDA:0,markDirtyUp
FNDA:0,(anonymous_290)
FNDA:0,(anonymous_291)
FNDA:0,(anonymous_292)
FNDA:0,(anonymous_293)
FNDA:0,(anonymous_294)
FNDA:0,(anonymous_295)
FNDA:0,(anonymous_296)
FNDA:0,(anonymous_297)
FNDA:0,(anonymous_298)
FNDA:0,(anonymous_299)
FNDA:0,(anonymous_300)
FNDA:0,(anonymous_301)
FNDA:0,(anonymous_302)
FNDA:0,(anonymous_303)
FNDA:0,(anonymous_304)
FNDA:0,(anonymous_305)
FNDA:0,(anonymous_306)
FNDA:0,(anonymous_307)
FNDA:0,(anonymous_308)
FNDA:0,(anonymous_309)
FNDA:0,(anonymous_310)
FNDA:0,(anonymous_311)
FNDA:0,(anonymous_312)
FNDA:0,(anonymous_313)
FNDA:0,(anonymous_314)
FNDA:0,(anonymous_315)
FNDA:0,(anonymous_316)
FNDA:0,(anonymous_317)
FNDA:0,(anonymous_318)
FNDA:0,(anonymous_319)
FNDA:0,(anonymous_320)
FNDA:0,(anonymous_321)
FNDA:0,(anonymous_322)
FNDA:0,(anonymous_323)
FNDA:0,(anonymous_324)
FNDA:0,(anonymous_325)
FNDA:0,(anonymous_326)
FNDA:0,(anonymous_327)
FNDA:0,(anonymous_328)
FNDA:0,(anonymous_329)
FNDA:0,(anonymous_330)
FNDA:0,(anonymous_331)
FNDA:0,(anonymous_332)
FNDA:0,(anonymous_333)
FNDA:0,(anonymous_334)
FNDA:0,(anonymous_335)
FNDA:0,(anonymous_336)
FNDA:0,(anonymous_337)
FNDA:0,(anonymous_338)
FNDA:0,(anonymous_339)
FNDA:0,(anonymous_340)
FNDA:0,(anonymous_341)
FNDA:0,(anonymous_342)
FNDA:0,(anonymous_343)
FNDA:0,(anonymous_344)
FNDA:0,(anonymous_345)
FNDA:0,(anonymous_346)
FNDA:0,warnOnce
FNDA:0,(anonymous_348)
FNDA:0,(anonymous_349)
FNDA:0,(anonymous_350)
FNDA:0,(anonymous_351)
FNDA:0,(anonymous_352)
FNDA:0,(anonymous_353)
FNDA:0,(anonymous_354)
FNDA:0,(anonymous_355)
FNDA:0,(anonymous_356)
FNDA:0,(anonymous_357)
FNDA:0,(anonymous_358)
FNDA:0,(anonymous_359)
FNDA:0,(anonymous_360)
FNDA:0,(anonymous_361)
FNDA:0,(anonymous_362)
FNDA:0,(anonymous_363)
FNDA:0,(anonymous_364)
FNDA:0,(anonymous_365)
FNDA:0,(anonymous_366)
FNDA:0,(anonymous_367)
FNDA:0,(anonymous_368)
FNDA:0,(anonymous_369)
FNDA:0,(anonymous_370)
FNDA:0,(anonymous_371)
FNDA:0,(anonymous_372)
FNDA:0,(anonymous_373)
FNDA:0,(anonymous_374)
FNDA:0,(anonymous_375)
FNDA:0,(anonymous_376)
FNDA:0,(anonymous_377)
FNDA:0,findLastWithPosition
FNDA:0,(anonymous_379)
FNDA:0,(anonymous_380)
FNDA:0,(anonymous_381)
FNDA:0,(anonymous_382)
FNDA:0,(anonymous_383)
FNDA:0,(anonymous_384)
FNDA:0,(anonymous_385)
FNDA:0,(anonymous_386)
FNDA:0,(anonymous_387)
FNDA:0,(anonymous_388)
FNDA:0,(anonymous_389)
FNDA:0,(anonymous_390)
FNDA:0,(anonymous_391)
FNDA:0,(anonymous_392)
FNDA:0,(anonymous_393)
FNDA:0,(anonymous_394)
FNDA:0,(anonymous_395)
FNDA:0,(anonymous_396)
FNDA:0,(anonymous_397)
FNDA:0,(anonymous_398)
FNDA:0,(anonymous_399)
FNDA:0,(anonymous_400)
FNDA:0,(anonymous_401)
FNDA:0,(anonymous_402)
FNDA:0,(anonymous_403)
FNDA:0,(anonymous_404)
FNDA:0,(anonymous_405)
FNDA:0,(anonymous_406)
FNDA:0,(anonymous_407)
FNDA:0,(anonymous_408)
FNDA:0,(anonymous_409)
FNDA:0,(anonymous_410)
FNDA:0,parse
FNDA:0,(anonymous_412)
FNDA:0,isPromise
FNDA:0,getEvents
FNDA:0,toStack
FNDA:0,cleanMarks
FNDA:0,(anonymous_417)
FNDA:0,(anonymous_418)
FNDA:0,(anonymous_419)
FNDA:0,(anonymous_420)
FNDA:0,(anonymous_421)
FNDA:0,(anonymous_422)
FNDA:0,(anonymous_423)
FNDA:0,(anonymous_424)
FNDA:0,(anonymous_425)
FNDA:0,(anonymous_426)
FNDA:0,(anonymous_427)
FNDA:0,(anonymous_428)
FNDA:0,(anonymous_429)
FNDA:0,(anonymous_430)
FNDA:0,(anonymous_431)
FNDA:0,(anonymous_432)
FNDA:0,(anonymous_433)
FNDA:0,(anonymous_434)
FNDA:0,(anonymous_435)
FNDA:0,(anonymous_436)
FNDA:0,(anonymous_437)
FNDA:0,(anonymous_438)
FNDA:0,(anonymous_439)
FNDA:0,(anonymous_440)
FNDA:0,(anonymous_441)
FNDA:0,(anonymous_442)
FNDA:0,(anonymous_443)
FNDA:0,(anonymous_444)
FNDA:0,(anonymous_445)
FNDA:0,(anonymous_446)
FNDA:0,(anonymous_447)
FNDA:0,(anonymous_448)
FNDA:0,(anonymous_449)
FNDA:0,(anonymous_450)
FNDA:0,(anonymous_451)
FNDA:0,(anonymous_452)
FNDA:0,(anonymous_453)
FNDA:0,(anonymous_454)
FNDA:0,(anonymous_455)
FNDA:0,(anonymous_456)
FNDA:0,(anonymous_457)
FNDA:0,(anonymous_458)
FNDA:0,(anonymous_459)
FNDA:0,(anonymous_460)
FNDA:0,(anonymous_461)
FNDA:0,(anonymous_462)
FNDA:0,(anonymous_463)
FNDA:0,(anonymous_464)
FNDA:0,(anonymous_465)
FNDA:0,(anonymous_466)
FNDA:0,(anonymous_467)
FNDA:0,(anonymous_468)
FNDA:0,(anonymous_469)
FNDA:0,(anonymous_470)
FNDA:0,(anonymous_471)
FNDA:0,(anonymous_472)
FNDA:0,fromJSON
FNDA:0,(anonymous_474)
FNDA:0,(anonymous_475)
FNDA:0,(anonymous_476)
FNDA:0,postcss
FNDA:0,plugin
FNDA:0,creator
FNDA:0,(anonymous_480)
FNDA:0,(anonymous_481)
FNDA:0,(anonymous_482)
FNDA:0,(anonymous_483)
FNDA:0,(anonymous_484)
FNDA:0,(anonymous_485)
FNDA:0,(anonymous_486)
FNDA:0,(anonymous_487)
FNDA:0,(anonymous_488)
FNDA:0,(anonymous_489)
FNDA:0,(anonymous_490)
FNDA:0,(anonymous_491)
FNDA:0,(anonymous_492)
FNDA:0,(anonymous_493)
FNDA:0,(anonymous_494)
FNDA:0,(anonymous_495)
FNDA:0,(anonymous_496)
FNDA:0,(anonymous_497)
FNDA:0,(anonymous_498)
FNDA:0,(anonymous_499)
FNDA:0,(anonymous_500)
FNDA:0,(anonymous_501)
FNDA:0,(anonymous_502)
FNDA:0,(anonymous_503)
FNDA:0,(anonymous_504)
FNDA:0,(anonymous_505)
FNDA:0,(anonymous_506)
FNDA:0,(anonymous_507)
FNDA:0,(anonymous_508)
FNDA:0,(anonymous_509)
FNDA:0,(anonymous_510)
FNDA:0,(anonymous_511)
FNDA:0,(anonymous_512)
FNDA:0,(anonymous_513)
DA:1,0
DA:4,0
DA:5,0
DA:6,0
DA:7,0
DA:8,0
DA:10,0
DA:11,0
DA:12,0
DA:13,0
DA:14,0
DA:15,0
DA:17,0
DA:19,0
DA:20,0
DA:21,0
DA:66,0
DA:67,0
DA:72,0
DA:73,0
DA:74,0
DA:75,0
DA:76,0
DA:77,0
DA:78,0
DA:79,0
DA:80,0
DA:81,0
DA:82,0
DA:83,0
DA:84,0
DA:85,0
DA:86,0
DA:87,0
DA:88,0
DA:89,0
DA:90,0
DA:91,0
DA:92,0
DA:93,0
DA:94,0
DA:95,0
DA:96,0
DA:97,0
DA:100,0
DA:101,0
DA:102,0
DA:103,0
DA:105,0
DA:108,0
DA:111,0
DA:114,0
DA:115,0
DA:116,0
DA:117,0
DA:118,0
DA:125,0
DA:126,0
DA:127,0
DA:128,0
DA:130,0
DA:134,0
DA:135,0
DA:145,0
DA:146,0
DA:151,0
DA:155,0
DA:156,0
DA:157,0
DA:158,0
DA:159,0
DA:160,0
DA:161,0
DA:162,0
DA:163,0
DA:164,0
DA:165,0
DA:167,0
DA:170,0
DA:171,0
DA:172,0
DA:173,0
DA:176,0
DA:182,0
DA:184,0
DA:185,0
DA:186,0
DA:187,0
DA:193,0
DA:199,0
DA:202,0
DA:207,0
DA:208,0
DA:209,0
DA:210,0
DA:211,0
DA:212,0
DA:213,0
DA:214,0
DA:215,0
DA:217,0
DA:220,0
DA:221,0
DA:222,0
DA:223,0
DA:226,0
DA:232,0
DA:233,0
DA:237,0
DA:238,0
DA:239,0
DA:240,0
DA:242,0
DA:244,0
DA:250,0
DA:251,0
DA:255,0
DA:256,0
DA:257,0
DA:258,0
DA:259,0
DA:261,0
DA:262,0
DA:263,0
DA:264,0
DA:265,0
DA:266,0
DA:268,0
DA:269,0
DA:273,0
DA:279,0
DA:280,0
DA:284,0
DA:285,0
DA:286,0
DA:287,0
DA:288,0
DA:290,0
DA:293,0
DA:299,0
DA:301,0
DA:302,0
DA:303,0
DA:304,0
DA:306,0
DA:308,0
DA:314,0
DA:315,0
DA:317,0
DA:320,0
DA:321,0
DA:324,0
DA:326,0
DA:337,0
DA:338,0
DA:341,0
DA:343,0
DA:361,0
DA:362,0
DA:363,0
DA:365,0
DA:366,0
DA:369,0
DA:370,0
DA:371,0
DA:372,0
DA:374,0
DA:377,0
DA:380,0
DA:381,0
DA:382,0
DA:383,0
DA:384,0
DA:385,0
DA:387,0
DA:390,0
DA:392,0
DA:393,0
DA:398,0
DA:399,0
DA:402,0
DA:403,0
DA:404,0
DA:405,0
DA:406,0
DA:408,0
DA:409,0
DA:411,0
DA:412,0
DA:414,0
DA:415,0
DA:416,0
DA:417,0
DA:419,0
DA:420,0
DA:421,0
DA:422,0
DA:425,0
DA:426,0
DA:427,0
DA:431,0
DA:432,0
DA:433,0
DA:434,0
DA:436,0
DA:439,0
DA:440,0
DA:441,0
DA:442,0
DA:443,0
DA:445,0
DA:446,0
DA:447,0
DA:448,0
DA:450,0
DA:451,0
DA:452,0
DA:453,0
DA:455,0
DA:457,0
DA:458,0
DA:459,0
DA:460,0
DA:461,0
DA:462,0
DA:464,0
DA:468,0
DA:469,0
DA:470,0
DA:472,0
DA:475,0
DA:476,0
DA:481,0
DA:482,0
DA:487,0
DA:502,0
DA:506,0
DA:509,0
DA:510,0
DA:511,0
DA:512,0
DA:513,0
DA:514,0
DA:516,0
DA:517,0
DA:519,0
DA:520,0
DA:525,0
DA:526,0
DA:527,0
DA:528,0
DA:529,0
DA:530,0
DA:532,0
DA:534,0
DA:535,0
DA:536,0
DA:537,0
DA:538,0
DA:540,0
DA:541,0
DA:542,0
DA:543,0
DA:546,0
DA:549,0
DA:550,0
DA:552,0
DA:553,0
DA:554,0
DA:556,0
DA:558,0
DA:559,0
DA:562,0
DA:563,0
DA:564,0
DA:565,0
DA:567,0
DA:568,0
DA:569,0
DA:570,0
DA:571,0
DA:572,0
DA:576,0
DA:577,0
DA:578,0
DA:581,0
DA:582,0
DA:583,0
DA:584,0
DA:586,0
DA:587,0
DA:590,0
DA:594,0
DA:596,0
DA:597,0
DA:598,0
DA:600,0
DA:601,0
DA:603,0
DA:604,0
DA:607,0
DA:608,0
DA:612,0
DA:614,0
DA:615,0
DA:616,0
DA:617,0
DA:619,0
DA:620,0
DA:622,0
DA:623,0
DA:624,0
DA:626,0
DA:627,0
DA:628,0
DA:632,0
DA:633,0
DA:634,0
DA:638,0
DA:639,0
DA:640,0
DA:641,0
DA:642,0
DA:643,0
DA:645,0
DA:649,0
DA:650,0
DA:654,0
DA:655,0
DA:656,0
DA:657,0
DA:658,0
DA:660,0
DA:663,0
DA:664,0
DA:665,0
DA:666,0
DA:668,0
DA:672,0
DA:673,0
DA:674,0
DA:675,0
DA:676,0
DA:678,0
DA:681,0
DA:682,0
DA:683,0
DA:684,0
DA:686,0
DA:690,0
DA:691,0
DA:692,0
DA:693,0
DA:696,0
DA:700,0
DA:701,0
DA:702,0
DA:703,0
DA:704,0
DA:705,0
DA:707,0
DA:711,0
DA:712,0
DA:716,0
DA:717,0
DA:718,0
DA:719,0
DA:722,0
DA:726,0
DA:727,0
DA:728,0
DA:729,0
DA:732,0
DA:735,0
DA:737,0
DA:738,0
DA:739,0
DA:740,0
DA:741,0
DA:742,0
DA:743,0
DA:744,0
DA:748,0
DA:752,0
DA:753,0
DA:754,0
DA:755,0
DA:758,0
DA:761,0
DA:762,0
DA:763,0
DA:764,0
DA:766,0
DA:769,0
DA:770,0
DA:773,0
DA:774,0
DA:775,0
DA:779,0
DA:780,0
DA:782,0
DA:785,0
DA:786,0
DA:791,0
DA:793,0
DA:794,0
DA:796,0
DA:797,0
DA:802,0
DA:803,0
DA:804,0
DA:805,0
DA:807,0
DA:808,0
DA:809,0
DA:810,0
DA:812,0
DA:813,0
DA:814,0
DA:815,0
DA:816,0
DA:817,0
DA:818,0
DA:819,0
DA:820,0
DA:822,0
DA:823,0
DA:826,0
DA:830,0
DA:831,0
DA:832,0
DA:833,0
DA:834,0
DA:835,0
DA:836,0
DA:837,0
DA:838,0
DA:840,0
DA:844,0
DA:849,0
DA:850,0
DA:851,0
DA:852,0
DA:854,0
DA:857,0
DA:858,0
DA:861,0
DA:862,0
DA:864,0
DA:867,0
DA:868,0
DA:871,0
DA:872,0
DA:873,0
DA:876,0
DA:877,0
DA:878,0
DA:880,0
DA:883,0
DA:884,0
DA:885,0
DA:888,0
DA:889,0
DA:890,0
DA:893,0
DA:894,0
DA:895,0
DA:903,0
DA:906,0
DA:908,0
DA:909,0
DA:910,0
DA:911,0
DA:913,0
DA:917,0
DA:918,0
DA:919,0
DA:920,0
DA:922,0
DA:927,0
DA:928,0
DA:929,0
DA:930,0
DA:931,0
DA:936,0
DA:937,0
DA:938,0
DA:941,0
DA:942,0
DA:943,0
DA:944,0
DA:945,0
DA:946,0
DA:947,0
DA:949,0
DA:952,0
DA:953,0
DA:954,0
DA:955,0
DA:956,0
DA:957,0
DA:958,0
DA:960,0
DA:963,0
DA:969,0
DA:970,0
DA:971,0
DA:974,0
DA:978,0
DA:985,0
DA:986,0
DA:987,0
DA:988,0
DA:989,0
DA:990,0
DA:993,0
DA:994,0
DA:998,0
DA:999,0
DA:1001,0
DA:1002,0
DA:1006,0
DA:1007,0
DA:1008,0
DA:1009,0
DA:1012,0
DA:1013,0
DA:1018,0
DA:1024,0
DA:1025,0
DA:1028,0
DA:1029,0
DA:1031,0
DA:1032,0
DA:1035,0
DA:1036,0
DA:1037,0
DA:1038,0
DA:1039,0
DA:1040,0
DA:1041,0
DA:1042,0
DA:1043,0
DA:1045,0
DA:1048,0
DA:1049,0
DA:1052,0
DA:1055,0
DA:1056,0
DA:1057,0
DA:1059,0
DA:1062,0
DA:1063,0
DA:1064,0
DA:1065,0
DA:1066,0
DA:1067,0
DA:1068,0
DA:1070,0
DA:1071,0
DA:1072,0
DA:1073,0
DA:1074,0
DA:1075,0
DA:1077,0
DA:1080,0
DA:1081,0
DA:1082,0
DA:1083,0
DA:1084,0
DA:1085,0
DA:1086,0
DA:1087,0
DA:1089,0
DA:1095,0
DA:1098,0
DA:1099,0
DA:1101,0
DA:1103,0
DA:1106,0
DA:1107,0
DA:1109,0
DA:1112,0
DA:1113,0
DA:1114,0
DA:1115,0
DA:1117,0
DA:1120,0
DA:1123,0
DA:1124,0
DA:1127,0
DA:1130,0
DA:1131,0
DA:1136,0
DA:1139,0
DA:1140,0
DA:1145,0
DA:1146,0
DA:1149,0
DA:1152,0
DA:1153,0
DA:1161,0
DA:1164,0
DA:1165,0
DA:1166,0
DA:1168,0
DA:1173,0
DA:1174,0
DA:1175,0
DA:1176,0
DA:1177,0
DA:1178,0
DA:1179,0
DA:1180,0
DA:1181,0
DA:1182,0
DA:1183,0
DA:1185,0
DA:1186,0
DA:1189,0
DA:1190,0
DA:1193,0
DA:1194,0
DA:1197,0
DA:1198,0
DA:1201,0
DA:1202,0
DA:1205,0
DA:1244,0
DA:1256,0
DA:1258,0
DA:1260,0
DA:1262,0
DA:1269,0
DA:1277,0
DA:1278,0
DA:1279,0
DA:1283,0
DA:1284,0
DA:1286,0
DA:1287,0
DA:1288,0
DA:1289,0
DA:1290,0
DA:1293,0
DA:1295,0
DA:1297,0
DA:1302,0
DA:1303,0
DA:1304,0
DA:1305,0
DA:1307,0
DA:1308,0
DA:1309,0
DA:1311,0
DA:1312,0
DA:1313,0
DA:1315,0
DA:1316,0
DA:1317,0
DA:1318,0
DA:1320,0
DA:1321,0
DA:1340,0
DA:1341,0
DA:1342,0
DA:1343,0
DA:1345,0
DA:1348,0
DA:1349,0
DA:1350,0
DA:1352,0
DA:1353,0
DA:1354,0
DA:1356,0
DA:1364,0
DA:1366,0
DA:1367,0
DA:1368,0
DA:1370,0
DA:1371,0
DA:1372,0
DA:1374,0
DA:1375,0
DA:1377,0
DA:1378,0
DA:1380,0
DA:1381,0
DA:1383,0
DA:1385,0
DA:1386,0
DA:1394,0
DA:1395,0
DA:1396,0
DA:1397,0
DA:1398,0
DA:1399,0
DA:1400,0
DA:1401,0
DA:1404,0
DA:1405,0
DA:1409,0
DA:1410,0
DA:1412,0
DA:1425,0
DA:1426,0
DA:1427,0
DA:1428,0
DA:1429,0
DA:1430,0
DA:1432,0
DA:1434,0
DA:1437,0
DA:1438,0
DA:1439,0
DA:1440,0
DA:1441,0
DA:1442,0
DA:1443,0
DA:1444,0
DA:1445,0
DA:1447,0
DA:1448,0
DA:1449,0
DA:1453,0
DA:1454,0
DA:1455,0
DA:1456,0
DA:1457,0
DA:1458,0
DA:1459,0
DA:1460,0
DA:1464,0
DA:1465,0
DA:1467,0
DA:1468,0
DA:1472,0
DA:1473,0
DA:1474,0
DA:1476,0
DA:1477,0
DA:1478,0
DA:1480,0
DA:1482,0
DA:1499,0
DA:1500,0
DA:1502,0
DA:1503,0
DA:1505,0
DA:1506,0
DA:1507,0
DA:1508,0
DA:1511,0
DA:1512,0
DA:1513,0
DA:1515,0
DA:1517,0
DA:1518,0
DA:1521,0
DA:1522,0
DA:1523,0
DA:1525,0
DA:1526,0
DA:1527,0
DA:1528,0
DA:1530,0
DA:1532,0
DA:1533,0
DA:1534,0
DA:1542,0
DA:1543,0
DA:1545,0
DA:1550,0
DA:1551,0
DA:1552,0
DA:1553,0
DA:1554,0
DA:1559,0
DA:1560,0
DA:1561,0
DA:1563,0
DA:1566,0
DA:1568,0
DA:1569,0
DA:1570,0
DA:1571,0
DA:1574,0
DA:1585,0
DA:1586,0
DA:1588,0
DA:1590,0
DA:1592,0
DA:1593,0
DA:1595,0
DA:1597,0
DA:1599,0
DA:1600,0
DA:1602,0
DA:1603,0
DA:1604,0
DA:1606,0
DA:1607,0
DA:1609,0
DA:1610,0
DA:1611,0
DA:1614,0
DA:1624,0
DA:1625,0
DA:1626,0
DA:1628,0
DA:1629,0
DA:1630,0
DA:1632,0
DA:1633,0
DA:1634,0
DA:1636,0
DA:1637,0
DA:1638,0
DA:1640,0
DA:1641,0
DA:1642,0
DA:1644,0
DA:1646,0
DA:1649,0
DA:1650,0
DA:1651,0
DA:1653,0
DA:1654,0
DA:1655,0
DA:1657,0
DA:1658,0
DA:1659,0
DA:1661,0
DA:1662,0
DA:1663,0
DA:1665,0
DA:1667,0
DA:1677,0
DA:1678,0
DA:1679,0
DA:1681,0
DA:1682,0
DA:1683,0
DA:1685,0
DA:1686,0
DA:1687,0
DA:1689,0
DA:1690,0
DA:1691,0
DA:1693,0
DA:1694,0
DA:1695,0
DA:1697,0
DA:1699,0
DA:1701,0
DA:1702,0
DA:1703,0
DA:1705,0
DA:1706,0
DA:1707,0
DA:1709,0
DA:1710,0
DA:1711,0
DA:1713,0
DA:1714,0
DA:1715,0
DA:1717,0
DA:1719,0
DA:1721,0
DA:1722,0
DA:1724,0
DA:1725,0
DA:1727,0
DA:1728,0
DA:1730,0
DA:1731,0
DA:1733,0
DA:1739,0
DA:1740,0
DA:1741,0
DA:1743,0
DA:1744,0
DA:1745,0
DA:1747,0
DA:1748,0
DA:1749,0
DA:1751,0
DA:1752,0
DA:1753,0
DA:1755,0
DA:1756,0
DA:1757,0
DA:1759,0
DA:1761,0
DA:1767,0
DA:1769,0
DA:1774,0
DA:1775,0
DA:1777,0
DA:1778,0
DA:1785,0
DA:1801,0
DA:1802,0
DA:1803,0
DA:1804,0
DA:1806,0
DA:1808,0
DA:1809,0
DA:1810,0
DA:1813,0
DA:1815,0
DA:1817,0
DA:1825,0
DA:1826,0
DA:1827,0
DA:1834,0
DA:1835,0
DA:1839,0
DA:1840,0
DA:1841,0
DA:1842,0
DA:1844,0
DA:1851,0
DA:1852,0
DA:1858,0
DA:1859,0
DA:1860,0
DA:1861,0
DA:1862,0
DA:1863,0
DA:1865,0
DA:1866,0
DA:1867,0
DA:1869,0
DA:1877,0
DA:1878,0
DA:1879,0
DA:1881,0
DA:1882,0
DA:1889,0
DA:1890,0
DA:1891,0
DA:1892,0
DA:1893,0
DA:1896,0
DA:1897,0
DA:1898,0
DA:1901,0
DA:1907,0
DA:1908,0
DA:1909,0
DA:1911,0
DA:1917,0
DA:1918,0
DA:1920,0
DA:1928,0
DA:1934,0
DA:1935,0
DA:1936,0
DA:1937,0
DA:1938,0
DA:1945,0
DA:1946,0
DA:1948,0
DA:1958,0
DA:1959,0
DA:1965,0
DA:1966,0
DA:1967,0
DA:1968,0
DA:1970,0
DA:1971,0
DA:1982,0
DA:1983,0
DA:1984,0
DA:1985,0
DA:1987,0
DA:1989,0
DA:1997,0
DA:1998,0
DA:1999,0
DA:2000,0
DA:2009,0
DA:2010,0
DA:2012,0
DA:2013,0
DA:2014,0
DA:2015,0
DA:2016,0
DA:2017,0
DA:2018,0
DA:2019,0
DA:2021,0
DA:2026,0
DA:2027,0
DA:2028,0
DA:2032,0
DA:2033,0
DA:2039,0
DA:2040,0
DA:2041,0
DA:2042,0
DA:2044,0
DA:2048,0
DA:2049,0
DA:2052,0
DA:2054,0
DA:2055,0
DA:2056,0
DA:2057,0
DA:2059,0
DA:2060,0
DA:2062,0
DA:2063,0
DA:2064,0
DA:2067,0
DA:2078,0
DA:2079,0
DA:2080,0
DA:2081,0
DA:2082,0
DA:2083,0
DA:2084,0
DA:2085,0
DA:2088,0
DA:2089,0
DA:2090,0
DA:2091,0
DA:2094,0
DA:2095,0
DA:2096,0
DA:2097,0
DA:2100,0
DA:2111,0
DA:2112,0
DA:2113,0
DA:2114,0
DA:2116,0
DA:2119,0
DA:2120,0
DA:2122,0
DA:2123,0
DA:2126,0
DA:2127,0
DA:2128,0
DA:2147,0
DA:2148,0
DA:2150,0
DA:2151,0
DA:2152,0
DA:2154,0
DA:2156,0
DA:2158,0
DA:2159,0
DA:2163,0
DA:2164,0
DA:2166,0
DA:2167,0
DA:2169,0
DA:2173,0
DA:2175,0
DA:2176,0
DA:2177,0
DA:2179,0
DA:2180,0
DA:2182,0
DA:2183,0
DA:2184,0
DA:2185,0
DA:2189,0
DA:2190,0
DA:2191,0
DA:2193,0
DA:2194,0
DA:2195,0
DA:2198,0
DA:2199,0
DA:2201,0
DA:2202,0
DA:2203,0
DA:2204,0
DA:2205,0
DA:2207,0
DA:2208,0
DA:2210,0
DA:2224,0
DA:2229,0
DA:2230,0
DA:2231,0
DA:2232,0
DA:2233,0
DA:2235,0
DA:2237,0
DA:2240,0
DA:2242,0
DA:2243,0
DA:2245,0
DA:2247,0
DA:2253,0
DA:2254,0
DA:2255,0
DA:2257,0
DA:2259,0
DA:2266,0
DA:2267,0
DA:2268,0
DA:2269,0
DA:2270,0
DA:2271,0
DA:2272,0
DA:2273,0
DA:2278,0
DA:2279,0
DA:2280,0
DA:2281,0
DA:2282,0
DA:2283,0
DA:2284,0
DA:2285,0
DA:2286,0
DA:2289,0
DA:2290,0
DA:2291,0
DA:2293,0
DA:2296,0
DA:2297,0
DA:2298,0
DA:2299,0
DA:2300,0
DA:2301,0
DA:2303,0
DA:2304,0
DA:2305,0
DA:2306,0
DA:2307,0
DA:2308,0
DA:2309,0
DA:2310,0
DA:2313,0
DA:2315,0
DA:2317,0
DA:2318,0
DA:2319,0
DA:2320,0
DA:2322,0
DA:2323,0
DA:2325,0
DA:2326,0
DA:2331,0
DA:2332,0
DA:2338,0
DA:2339,0
DA:2341,0
DA:2342,0
DA:2344,0
DA:2345,0
DA:2347,0
DA:2351,0
DA:2352,0
DA:2354,0
DA:2362,0
DA:2363,0
DA:2386,0
DA:2387,0
DA:2388,0
DA:2390,0
DA:2391,0
DA:2393,0
DA:2395,0
DA:2399,0
DA:2400,0
DA:2402,0
DA:2406,0
DA:2408,0
DA:2411,0
DA:2412,0
DA:2414,0
DA:2435,0
DA:2436,0
DA:2437,0
DA:2439,0
DA:2440,0
DA:2441,0
DA:2446,0
DA:2447,0
DA:2448,0
DA:2450,0
DA:2452,0
DA:2481,0
DA:2482,0
DA:2483,0
DA:2493,0
DA:2510,0
DA:2521,0
DA:2522,0
DA:2523,0
DA:2524,0
DA:2531,0
DA:2532,0
DA:2533,0
DA:2534,0
DA:2537,0
DA:2538,0
DA:2540,0
DA:2541,0
DA:2544,0
DA:2547,0
DA:2548,0
DA:2549,0
DA:2558,0
DA:2559,0
DA:2560,0
DA:2561,0
DA:2562,0
DA:2563,0
DA:2565,0
DA:2574,0
DA:2575,0
DA:2576,0
DA:2577,0
DA:2578,0
DA:2580,0
DA:2581,0
DA:2582,0
DA:2584,0
DA:2586,0
DA:2587,0
DA:2591,0
DA:2621,0
DA:2622,0
DA:2626,0
DA:2627,0
DA:2629,0
DA:2632,0
DA:2633,0
DA:2637,0
DA:2638,0
DA:2640,0
DA:2643,0
DA:2644,0
DA:2645,0
DA:2651,0
DA:2652,0
DA:2654,0
DA:2655,0
DA:2656,0
DA:2657,0
DA:2673,0
DA:2674,0
DA:2675,0
DA:2677,0
DA:2679,0
DA:2680,0
DA:2682,0
DA:2683,0
DA:2685,0
DA:2687,0
DA:2688,0
DA:2689,0
DA:2690,0
DA:2691,0
DA:2692,0
DA:2693,0
DA:2694,0
DA:2695,0
DA:2696,0
DA:2698,0
DA:2729,0
DA:2730,0
DA:2735,0
DA:2740,0
DA:2741,0
DA:2742,0
DA:2744,0
DA:2745,0
DA:2746,0
DA:2747,0
DA:2748,0
DA:2749,0
DA:2754,0
DA:2755,0
DA:2760,0
DA:2763,0
DA:2768,0
DA:2769,0
DA:2774,0
DA:2778,0
DA:2780,0
DA:2815,0
DA:2816,0
DA:2817,0
DA:2819,0
DA:2820,0
DA:2823,0
DA:2824,0
DA:2825,0
DA:2826,0
DA:2827,0
DA:2830,0
DA:2831,0
DA:2833,0
DA:2834,0
DA:2836,0
DA:2844,0
DA:2850,0
DA:2851,0
DA:2852,0
DA:2853,0
DA:2855,0
DA:2856,0
DA:2857,0
DA:2858,0
DA:2859,0
DA:2861,0
DA:2862,0
DA:2866,0
DA:2867,0
DA:2868,0
DA:2869,0
DA:2871,0
DA:2872,0
DA:2877,0
DA:2878,0
DA:2879,0
DA:2882,0
DA:2892,0
DA:2893,0
DA:2894,0
DA:2895,0
DA:2896,0
DA:2897,0
DA:2898,0
DA:2899,0
DA:2900,0
DA:2901,0
DA:2907,0
DA:2908,0
DA:2909,0
DA:2910,0
DA:2911,0
DA:2912,0
DA:2913,0
DA:2914,0
DA:2915,0
DA:2916,0
DA:2917,0
DA:2918,0
DA:2919,0
DA:2920,0
DA:2922,0
DA:2924,0
DA:2926,0
DA:2927,0
DA:2931,0
DA:2934,0
DA:2936,0
DA:2942,0
DA:2943,0
DA:2944,0
DA:2945,0
DA:2946,0
DA:2947,0
DA:2953,0
DA:2955,0
DA:2956,0
DA:2957,0
DA:2958,0
DA:2959,0
DA:2960,0
DA:2961,0
DA:2962,0
DA:2963,0
DA:2964,0
DA:2966,0
DA:2967,0
DA:2968,0
DA:2969,0
DA:2970,0
DA:2971,0
DA:2972,0
DA:2974,0
DA:2975,0
DA:2979,0
DA:2982,0
DA:2983,0
DA:2984,0
DA:2985,0
DA:2986,0
DA:2987,0
DA:2988,0
DA:2989,0
DA:2990,0
DA:2991,0
DA:2992,0
DA:2993,0
DA:2994,0
DA:2996,0
DA:2997,0
DA:2998,0
DA:2999,0
DA:3000,0
DA:3001,0
DA:3002,0
DA:3003,0
DA:3004,0
DA:3005,0
DA:3007,0
DA:3008,0
DA:3009,0
DA:3010,0
DA:3011,0
DA:3014,0
DA:3015,0
DA:3016,0
DA:3017,0
DA:3018,0
DA:3019,0
DA:3020,0
DA:3022,0
DA:3023,0
DA:3025,0
DA:3026,0
DA:3029,0
DA:3030,0
DA:3031,0
DA:3033,0
DA:3034,0
DA:3036,0
DA:3037,0
DA:3039,0
DA:3041,0
DA:3042,0
DA:3043,0
DA:3045,0
DA:3046,0
DA:3049,0
DA:3050,0
DA:3051,0
DA:3052,0
DA:3053,0
DA:3055,0
DA:3056,0
DA:3058,0
DA:3062,0
DA:3063,0
DA:3064,0
DA:3065,0
DA:3066,0
DA:3069,0
DA:3074,0
DA:3079,0
DA:3080,0
DA:3082,0
DA:3083,0
DA:3085,0
DA:3090,0
DA:3091,0
DA:3092,0
DA:3097,0
DA:3098,0
DA:3099,0
DA:3100,0
DA:3101,0
DA:3105,0
DA:3131,0
DA:3132,0
DA:3136,0
DA:3137,0
DA:3138,0
DA:3139,0
DA:3140,0
DA:3141,0
DA:3142,0
DA:3143,0
DA:3145,0
DA:3146,0
DA:3147,0
DA:3149,0
DA:3157,0
DA:3167,0
DA:3168,0
DA:3169,0
DA:3171,0
DA:3172,0
DA:3179,0
DA:3180,0
DA:3181,0
DA:3183,0
DA:3184,0
DA:3185,0
DA:3187,0
DA:3188,0
DA:3189,0
DA:3192,0
DA:3197,0
DA:3198,0
DA:3199,0
DA:3201,0
DA:3202,0
DA:3209,0
DA:3210,0
DA:3212,0
DA:3237,0
DA:3238,0
DA:3239,0
DA:3240,0
DA:3241,0
DA:3247,0
DA:3252,0
DA:3253,0
DA:3254,0
DA:3255,0
DA:3256,0
DA:3263,0
DA:3269,0
DA:3319,0
DA:3320,0
DA:3321,0
DA:3323,0
DA:3324,0
DA:3325,0
DA:3326,0
DA:3328,0
DA:3329,0
DA:3330,0
DA:3334,0
DA:3335,0
DA:3338,0
DA:3340,0
DA:3341,0
DA:3342,0
DA:3343,0
DA:3344,0
DA:3346,0
DA:3347,0
DA:3358,0
DA:3359,0
DA:3362,0
DA:3365,0
DA:3367,0
DA:3368,0
DA:3369,0
DA:3370,0
DA:3373,0
DA:3394,0
DA:3395,0
DA:3401,0
DA:3402,0
DA:3403,0
DA:3404,0
DA:3406,0
DA:3408,0
DA:3409,0
DA:3410,0
DA:3417,0
DA:3426,0
DA:3427,0
DA:3428,0
DA:3435,0
DA:3436,0
DA:3437,0
DA:3438,0
DA:3439,0
DA:3440,0
DA:3443,0
DA:3444,0
DA:3446,0
DA:3466,0
DA:3467,0
DA:3468,0
DA:3471,0
DA:3472,0
DA:3474,0
DA:3475,0
DA:3476,0
DA:3480,0
DA:3483,0
DA:3492,0
DA:3493,0
DA:3494,0
DA:3495,0
DA:3496,0
DA:3497,0
DA:3498,0
DA:3499,0
DA:3500,0
DA:3501,0
DA:3502,0
DA:3504,0
DA:3505,0
DA:3506,0
DA:3507,0
DA:3508,0
DA:3509,0
DA:3510,0
DA:3516,0
DA:3524,0
DA:3525,0
DA:3526,0
DA:3530,0
DA:3531,0
DA:3533,0
DA:3541,0
DA:3542,0
DA:3545,0
DA:3547,0
DA:3551,0
DA:3564,0
DA:3565,0
DA:3566,0
DA:3567,0
DA:3568,0
DA:3569,0
DA:3570,0
DA:3571,0
DA:3580,0
DA:3583,0
DA:3588,0
DA:3589,0
DA:3590,0
DA:3591,0
DA:3593,0
DA:3594,0
DA:3598,0
DA:3602,0
DA:3606,0
DA:3607,0
DA:3608,0
DA:3611,0
DA:3613,0
DA:3614,0
DA:3615,0
DA:3621,0
DA:3622,0
DA:3623,0
DA:3624,0
DA:3625,0
DA:3627,0
DA:3628,0
DA:3634,0
DA:3635,0
DA:3636,0
DA:3638,0
DA:3639,0
DA:3640,0
DA:3641,0
DA:3642,0
DA:3644,0
DA:3647,0
DA:3648,0
DA:3650,0
DA:3653,0
DA:3656,0
DA:3657,0
DA:3658,0
DA:3659,0
DA:3660,0
DA:3662,0
DA:3665,0
DA:3669,0
DA:3670,0
DA:3672,0
DA:3673,0
DA:3682,0
DA:3683,0
DA:3684,0
DA:3685,0
DA:3687,0
DA:3688,0
DA:3689,0
DA:3692,0
DA:3694,0
DA:3701,0
DA:3702,0
DA:3703,0
DA:3704,0
DA:3706,0
DA:3707,0
DA:3709,0
DA:3711,0
DA:3719,0
DA:3721,0
DA:3722,0
DA:3723,0
DA:3724,0
DA:3726,0
DA:3727,0
DA:3742,0
DA:3745,0
DA:3746,0
DA:3747,0
DA:3748,0
DA:3749,0
DA:3750,0
DA:3752,0
DA:3753,0
DA:3755,0
DA:3763,0
DA:3764,0
DA:3765,0
DA:3766,0
DA:3767,0
DA:3768,0
DA:3770,0
DA:3772,0
DA:3780,0
DA:3781,0
DA:3788,0
DA:3789,0
DA:3790,0
DA:3791,0
DA:3794,0
DA:3795,0
DA:3796,0
DA:3802,0
DA:3803,0
DA:3804,0
DA:3805,0
DA:3807,0
DA:3812,0
DA:3813,0
DA:3818,0
DA:3819,0
DA:3820,0
DA:3821,0
DA:3822,0
DA:3823,0
DA:3824,0
DA:3825,0
DA:3826,0
DA:3827,0
DA:3828,0
DA:3841,0
DA:3842,0
DA:3843,0
DA:3844,0
DA:3845,0
DA:3846,0
DA:3847,0
DA:3853,0
DA:3854,0
DA:3856,0
DA:3857,0
DA:3858,0
DA:3859,0
DA:3861,0
DA:3862,0
DA:3863,0
DA:3864,0
DA:3865,0
DA:3879,0
DA:3883,0
DA:3884,0
DA:3886,0
DA:3891,0
DA:3899,0
DA:3900,0
DA:3901,0
DA:3911,0
DA:3912,0
DA:3913,0
DA:3914,0
DA:3916,0
DA:3917,0
DA:3919,0
DA:3921,0
DA:3924,0
DA:3925,0
DA:3927,0
DA:3928,0
DA:3930,0
DA:3932,0
DA:3934,0
DA:3942,0
DA:3943,0
DA:3944,0
DA:3946,0
DA:3947,0
DA:3953,0
DA:3954,0
DA:3955,0
DA:3956,0
DA:3957,0
DA:3958,0
DA:3959,0
DA:3961,0
DA:3962,0
DA:3965,0
DA:3966,0
DA:3968,0
DA:3971,0
DA:3972,0
DA:3973,0
DA:3974,0
DA:3975,0
DA:3976,0
DA:3978,0
DA:3979,0
DA:3981,0
DA:3982,0
DA:3985,0
DA:3988,0
DA:3989,0
DA:3992,0
DA:3993,0
DA:3995,0
DA:3996,0
DA:3997,0
DA:3999,0
DA:4003,0
DA:4004,0
DA:4005,0
DA:4006,0
DA:4010,0
DA:4011,0
DA:4012,0
DA:4013,0
DA:4014,0
DA:4015,0
DA:4016,0
DA:4017,0
DA:4018,0
DA:4019,0
DA:4021,0
DA:4023,0
DA:4024,0
DA:4025,0
DA:4026,0
DA:4027,0
DA:4028,0
DA:4030,0
DA:4032,0
DA:4033,0
DA:4034,0
DA:4035,0
DA:4036,0
DA:4037,0
DA:4041,0
DA:4042,0
DA:4045,0
DA:4048,0
DA:4049,0
DA:4054,0
DA:4055,0
DA:4056,0
DA:4057,0
DA:4058,0
DA:4059,0
DA:4060,0
DA:4061,0
DA:4062,0
DA:4063,0
DA:4066,0
DA:4067,0
DA:4069,0
DA:4070,0
DA:4071,0
DA:4072,0
DA:4074,0
DA:4076,0
DA:4077,0
DA:4078,0
DA:4080,0
DA:4083,0
DA:4084,0
DA:4085,0
DA:4086,0
DA:4087,0
DA:4088,0
DA:4091,0
DA:4092,0
DA:4094,0
DA:4098,0
DA:4099,0
DA:4100,0
DA:4101,0
DA:4102,0
DA:4103,0
DA:4104,0
DA:4106,0
DA:4107,0
DA:4109,0
DA:4110,0
DA:4111,0
DA:4112,0
DA:4114,0
DA:4115,0
DA:4117,0
DA:4118,0
DA:4119,0
DA:4120,0
DA:4122,0
DA:4123,0
DA:4124,0
DA:4132,0
DA:4140,0
DA:4147,0
DA:4148,0
DA:4149,0
DA:4151,0
DA:4153,0
DA:4157,0
DA:4158,0
DA:4159,0
DA:4160,0
DA:4161,0
DA:4162,0
DA:4163,0
DA:4165,0
DA:4167,0
DA:4169,0
DA:4170,0
DA:4171,0
DA:4172,0
DA:4174,0
DA:4176,0
DA:4177,0
DA:4178,0
DA:4179,0
DA:4180,0
DA:4181,0
DA:4183,0
DA:4184,0
DA:4188,0
DA:4194,0
DA:4195,0
DA:4197,0
DA:4200,0
DA:4201,0
DA:4202,0
DA:4206,0
DA:4208,0
DA:4209,0
DA:4215,0
DA:4216,0
DA:4218,0
DA:4220,0
DA:4227,0
DA:4228,0
DA:4229,0
DA:4231,0
DA:4234,0
DA:4235,0
DA:4236,0
DA:4239,0
DA:4240,0
DA:4246,0
DA:4247,0
DA:4250,0
DA:4251,0
DA:4254,0
DA:4255,0
DA:4258,0
DA:4261,0
DA:4264,0
DA:4265,0
DA:4266,0
DA:4267,0
DA:4273,0
DA:4274,0
DA:4275,0
DA:4276,0
DA:4277,0
DA:4278,0
DA:4281,0
DA:4282,0
DA:4283,0
DA:4284,0
DA:4285,0
DA:4286,0
DA:4287,0
DA:4288,0
DA:4289,0
DA:4293,0
DA:4294,0
DA:4295,0
DA:4296,0
DA:4297,0
DA:4298,0
DA:4300,0
DA:4302,0
DA:4303,0
DA:4304,0
DA:4307,0
DA:4308,0
DA:4309,0
DA:4311,0
DA:4312,0
DA:4313,0
DA:4314,0
DA:4317,0
DA:4319,0
DA:4323,0
DA:4324,0
DA:4326,0
DA:4327,0
DA:4328,0
DA:4329,0
DA:4330,0
DA:4333,0
DA:4334,0
DA:4338,0
DA:4339,0
DA:4340,0
DA:4342,0
DA:4343,0
DA:4344,0
DA:4346,0
DA:4352,0
DA:4353,0
DA:4354,0
DA:4355,0
DA:4356,0
DA:4357,0
DA:4359,0
DA:4362,0
DA:4374,0
DA:4375,0
DA:4376,0
DA:4377,0
DA:4378,0
DA:4382,0
DA:4389,0
DA:4390,0
DA:4393,0
DA:4394,0
DA:4395,0
DA:4396,0
DA:4408,0
DA:4409,0
DA:4410,0
DA:4411,0
DA:4412,0
DA:4413,0
DA:4414,0
DA:4415,0
DA:4416,0
DA:4417,0
DA:4419,0
DA:4420,0
DA:4421,0
DA:4422,0
DA:4425,0
DA:4426,0
DA:4427,0
DA:4428,0
DA:4429,0
DA:4431,0
DA:4433,0
DA:4434,0
DA:4437,0
DA:4438,0
DA:4439,0
DA:4440,0
DA:4441,0
DA:4442,0
DA:4443,0
DA:4444,0
DA:4445,0
DA:4447,0
DA:4448,0
DA:4449,0
DA:4450,0
DA:4451,0
DA:4452,0
DA:4459,0
DA:4460,0
DA:4462,0
DA:4463,0
DA:4465,0
DA:4466,0
DA:4468,0
DA:4471,0
DA:4472,0
DA:4474,0
DA:4475,0
DA:4476,0
DA:4478,0
DA:4479,0
DA:4481,0
DA:4484,0
DA:4485,0
DA:4487,0
DA:4490,0
DA:4491,0
DA:4493,0
DA:4494,0
DA:4496,0
DA:4499,0
DA:4500,0
DA:4501,0
DA:4502,0
DA:4504,0
DA:4508,0
DA:4509,0
DA:4510,0
DA:4511,0
DA:4512,0
DA:4513,0
DA:4514,0
DA:4515,0
DA:4517,0
DA:4518,0
DA:4519,0
DA:4522,0
DA:4523,0
DA:4524,0
DA:4525,0
DA:4526,0
DA:4527,0
DA:4528,0
DA:4529,0
DA:4534,0
DA:4535,0
DA:4538,0
DA:4541,0
DA:4542,0
DA:4543,0
DA:4544,0
DA:4545,0
DA:4546,0
DA:4547,0
DA:4548,0
DA:4549,0
DA:4553,0
DA:4554,0
DA:4555,0
DA:4559,0
DA:4560,0
DA:4561,0
DA:4562,0
DA:4564,0
DA:4568,0
DA:4569,0
DA:4574,0
DA:4575,0
DA:4576,0
DA:4577,0
DA:4578,0
DA:4579,0
DA:4584,0
DA:4585,0
DA:4586,0
DA:4587,0
DA:4589,0
DA:4590,0
DA:4591,0
DA:4594,0
DA:4599,0
DA:4602,0
DA:4603,0
DA:4606,0
DA:4607,0
DA:4612,0
DA:4613,0
DA:4614,0
DA:4615,0
DA:4618,0
DA:4619,0
DA:4620,0
DA:4621,0
DA:4625,0
DA:4626,0
DA:4627,0
DA:4628,0
DA:4634,0
DA:4635,0
DA:4636,0
DA:4638,0
DA:4639,0
DA:4642,0
DA:4643,0
DA:4644,0
DA:4648,0
DA:4649,0
DA:4651,0
DA:4652,0
DA:4653,0
DA:4654,0
DA:4655,0
DA:4657,0
DA:4658,0
DA:4661,0
DA:4664,0
DA:4665,0
DA:4666,0
DA:4667,0
DA:4668,0
DA:4669,0
DA:4672,0
DA:4674,0
DA:4675,0
DA:4676,0
DA:4677,0
DA:4678,0
DA:4679,0
DA:4680,0
DA:4681,0
DA:4682,0
DA:4684,0
DA:4688,0
DA:4689,0
DA:4690,0
DA:4692,0
DA:4693,0
DA:4694,0
DA:4695,0
DA:4696,0
DA:4697,0
DA:4699,0
DA:4703,0
DA:4704,0
DA:4705,0
DA:4706,0
DA:4708,0
DA:4713,0
DA:4714,0
DA:4715,0
DA:4718,0
DA:4719,0
DA:4720,0
DA:4721,0
DA:4723,0
DA:4724,0
DA:4725,0
DA:4726,0
DA:4729,0
DA:4730,0
DA:4733,0
DA:4734,0
DA:4735,0
DA:4736,0
DA:4737,0
DA:4739,0
DA:4740,0
DA:4741,0
DA:4742,0
DA:4745,0
DA:4746,0
DA:4749,0
DA:4750,0
DA:4751,0
DA:4752,0
DA:4753,0
DA:4754,0
DA:4756,0
DA:4757,0
DA:4758,0
DA:4759,0
DA:4761,0
DA:4762,0
DA:4765,0
DA:4766,0
DA:4767,0
DA:4768,0
DA:4769,0
DA:4771,0
DA:4774,0
DA:4775,0
DA:4778,0
DA:4779,0
DA:4782,0
DA:4783,0
DA:4787,0
DA:4789,0
DA:4790,0
DA:4791,0
DA:4792,0
DA:4793,0
DA:4794,0
DA:4795,0
DA:4796,0
DA:4799,0
DA:4800,0
DA:4802,0
DA:4805,0
DA:4806,0
DA:4807,0
DA:4808,0
DA:4809,0
DA:4810,0
DA:4813,0
DA:4814,0
DA:4817,0
DA:4818,0
DA:4819,0
DA:4822,0
DA:4823,0
DA:4824,0
DA:4825,0
DA:4828,0
DA:4829,0
DA:4830,0
DA:4832,0
DA:4833,0
DA:4834,0
DA:4835,0
DA:4838,0
DA:4839,0
DA:4842,0
DA:4843,0
DA:4844,0
DA:4846,0
DA:4847,0
DA:4848,0
DA:4849,0
DA:4851,0
DA:4852,0
DA:4855,0
DA:4858,0
DA:4860,0
DA:4861,0
DA:4863,0
DA:4865,0
DA:4866,0
DA:4868,0
DA:4872,0
DA:4873,0
DA:4874,0
DA:4875,0
DA:4876,0
DA:4880,0
DA:4881,0
DA:4882,0
DA:4883,0
DA:4887,0
DA:4888,0
DA:4889,0
DA:4894,0
DA:4895,0
DA:4896,0
DA:4901,0
DA:4902,0
DA:4903,0
DA:4904,0
DA:4905,0
DA:4909,0
DA:4910,0
DA:4911,0
DA:4912,0
DA:4916,0
DA:4917,0
DA:4918,0
DA:4923,0
DA:4924,0
DA:4925,0
DA:4926,0
DA:4927,0
DA:4931,0
DA:4932,0
DA:4933,0
DA:4934,0
DA:4938,0
DA:4939,0
DA:4940,0
DA:4945,0
DA:4946,0
DA:4949,0
DA:4950,0
DA:4953,0
DA:4954,0
DA:4956,0
DA:4957,0
DA:4959,0
DA:4960,0
DA:4962,0
DA:4963,0
DA:4965,0
DA:4966,0
DA:4967,0
DA:4968,0
DA:4969,0
DA:4970,0
DA:4971,0
DA:4972,0
DA:4973,0
DA:4974,0
DA:4975,0
DA:4976,0
DA:4977,0
DA:4979,0
DA:4980,0
DA:4981,0
DA:4982,0
DA:4990,0
DA:4995,0
DA:4999,0
DA:5000,0
DA:5004,0
DA:5005,0
DA:5008,0
DA:5009,0
DA:5011,0
DA:5012,0
DA:5014,0
DA:5015,0
DA:5020,0
DA:5021,0
DA:5022,0
DA:5023,0
DA:5024,0
DA:5025,0
DA:5034,0
DA:5035,0
DA:5036,0
DA:5037,0
DA:5038,0
DA:5039,0
DA:5040,0
DA:5041,0
DA:5043,0
DA:5046,0
DA:5047,0
DA:5053,0
DA:5054,0
DA:5056,0
DA:5059,0
DA:5060,0
DA:5065,0
DA:5068,0
DA:5069,0
DA:5070,0
DA:5071,0
DA:5072,0
DA:5073,0
DA:5076,0
DA:5079,0
DA:5080,0
DA:5081,0
DA:5084,0
DA:5085,0
DA:5086,0
DA:5089,0
DA:5092,0
DA:5095,0
DA:5096,0
DA:5101,0
DA:5104,0
DA:5105,0
DA:5108,0
DA:5109,0
DA:5112,0
DA:5113,0
DA:5116,0
DA:5117,0
DA:5118,0
DA:5123,0
DA:5127,0
DA:5128,0
DA:5129,0
DA:5132,0
DA:5133,0
DA:5134,0
DA:5135,0
DA:5136,0
DA:5138,0
DA:5140,0
DA:5141,0
DA:5142,0
DA:5146,0
DA:5149,0
DA:5150,0
DA:5151,0
DA:5153,0
DA:5156,0
DA:5157,0
DA:5160,0
DA:5161,0
DA:5163,0
DA:5164,0
DA:5166,0
DA:5167,0
DA:5168,0
DA:5173,0
DA:5175,0
DA:5180,0
DA:5185,0
DA:5188,0
DA:5189,0
DA:5190,0
DA:5191,0
DA:5192,0
DA:5193,0
DA:5194,0
DA:5195,0
DA:5196,0
DA:5197,0
DA:5198,0
DA:5199,0
DA:5200,0
DA:5201,0
DA:5202,0
DA:5204,0
DA:5205,0
DA:5206,0
DA:5207,0
DA:5208,0
DA:5209,0
DA:5210,0
DA:5211,0
DA:5212,0
DA:5214,0
DA:5215,0
DA:5216,0
DA:5217,0
DA:5219,0
DA:5222,0
DA:5223,0
DA:5226,0
DA:5227,0
DA:5232,0
DA:5233,0
DA:5236,0
DA:5237,0
DA:5238,0
DA:5241,0
DA:5244,0
DA:5245,0
DA:5246,0
DA:5249,0
DA:5250,0
DA:5251,0
DA:5256,0
DA:5257,0
DA:5258,0
DA:5259,0
DA:5260,0
DA:5261,0
DA:5262,0
DA:5267,0
DA:5268,0
DA:5269,0
DA:5270,0
DA:5275,0
DA:5276,0
DA:5277,0
DA:5278,0
DA:5279,0
DA:5280,0
DA:5281,0
DA:5282,0
DA:5292,0
DA:5293,0
DA:5294,0
DA:5295,0
DA:5297,0
DA:5301,0
DA:5302,0
DA:5303,0
DA:5304,0
DA:5305,0
DA:5306,0
DA:5307,0
DA:5308,0
DA:5309,0
DA:5310,0
DA:5311,0
DA:5312,0
DA:5313,0
DA:5315,0
DA:5316,0
DA:5317,0
DA:5318,0
DA:5319,0
DA:5320,0
DA:5321,0
DA:5322,0
DA:5323,0
DA:5324,0
DA:5325,0
DA:5326,0
DA:5327,0
DA:5328,0
DA:5329,0
DA:5331,0
DA:5332,0
DA:5333,0
DA:5336,0
DA:5337,0
DA:5339,0
DA:5342,0
DA:5344,0
DA:5345,0
DA:5346,0
DA:5349,0
DA:5350,0
DA:5351,0
DA:5352,0
DA:5353,0
DA:5354,0
DA:5355,0
DA:5356,0
DA:5357,0
DA:5358,0
DA:5361,0
DA:5362,0
DA:5364,0
DA:5365,0
DA:5366,0
DA:5370,0
DA:5371,0
DA:5372,0
DA:5374,0
DA:5375,0
DA:5376,0
DA:5377,0
DA:5378,0
DA:5384,0
DA:5387,0
DA:5389,0
DA:5390,0
DA:5391,0
DA:5392,0
DA:5393,0
DA:5395,0
DA:5396,0
DA:5398,0
DA:5399,0
DA:5400,0
DA:5401,0
DA:5402,0
DA:5404,0
DA:5407,0
DA:5409,0
DA:5412,0
DA:5413,0
DA:5414,0
DA:5415,0
DA:5416,0
DA:5417,0
DA:5418,0
DA:5419,0
DA:5420,0
DA:5422,0
DA:5423,0
DA:5424,0
DA:5425,0
DA:5429,0
DA:5432,0
DA:5433,0
DA:5434,0
DA:5435,0
DA:5436,0
DA:5437,0
DA:5439,0
DA:5440,0
DA:5441,0
DA:5442,0
DA:5443,0
DA:5445,0
DA:5446,0
DA:5447,0
DA:5448,0
DA:5449,0
DA:5450,0
DA:5452,0
DA:5454,0
DA:5456,0
DA:5457,0
DA:5458,0
DA:5459,0
DA:5460,0
DA:5462,0
DA:5463,0
DA:5467,0
DA:5470,0
DA:5471,0
DA:5472,0
DA:5474,0
DA:5476,0
DA:5477,0
DA:5478,0
DA:5479,0
DA:5481,0
DA:5482,0
DA:5483,0
DA:5484,0
DA:5485,0
DA:5486,0
DA:5487,0
DA:5488,0
DA:5489,0
DA:5490,0
DA:5491,0
DA:5492,0
DA:5493,0
DA:5494,0
DA:5495,0
DA:5496,0
DA:5498,0
DA:5500,0
DA:5501,0
DA:5502,0
DA:5503,0
DA:5506,0
DA:5507,0
DA:5510,0
DA:5511,0
DA:5512,0
DA:5513,0
DA:5515,0
DA:5516,0
DA:5517,0
DA:5521,0
DA:5528,0
DA:5529,0
DA:5530,0
DA:5531,0
DA:5532,0
DA:5535,0
DA:5536,0
DA:5538,0
DA:5539,0
DA:5540,0
DA:5541,0
DA:5542,0
DA:5543,0
DA:5544,0
DA:5546,0
DA:5550,0
DA:5551,0
DA:5552,0
DA:5554,0
DA:5555,0
DA:5558,0
DA:5559,0
DA:5560,0
DA:5561,0
DA:5562,0
DA:5563,0
DA:5569,0
DA:5570,0
DA:5577,0
DA:5578,0
DA:5582,0
DA:5583,0
DA:5584,0
DA:5587,0
DA:5588,0
DA:5589,0
DA:5590,0
DA:5591,0
DA:5592,0
DA:5593,0
DA:5594,0
DA:5595,0
DA:5596,0
DA:5597,0
DA:5598,0
DA:5599,0
DA:5600,0
DA:5601,0
DA:5602,0
DA:5603,0
DA:5604,0
DA:5605,0
DA:5606,0
DA:5607,0
DA:5608,0
DA:5610,0
DA:5612,0
DA:5613,0
DA:5614,0
DA:5615,0
DA:5616,0
DA:5617,0
DA:5618,0
DA:5619,0
DA:5620,0
DA:5622,0
DA:5623,0
DA:5624,0
DA:5626,0
DA:5628,0
DA:5629,0
DA:5630,0
DA:5631,0
DA:5632,0
DA:5633,0
DA:5634,0
DA:5635,0
DA:5638,0
DA:5640,0
DA:5645,0
DA:5646,0
DA:5647,0
DA:5649,0
DA:5650,0
DA:5652,0
DA:5653,0
DA:5655,0
DA:5656,0
DA:5658,0
DA:5659,0
DA:5661,0
DA:5662,0
DA:5664,0
DA:5665,0
DA:5667,0
DA:5668,0
DA:5671,0
DA:5678,0
DA:5679,0
DA:5680,0
DA:5682,0
DA:5683,0
DA:5684,0
DA:5685,0
DA:5686,0
DA:5687,0
DA:5688,0
DA:5689,0
DA:5690,0
DA:5691,0
DA:5692,0
DA:5694,0
DA:5697,0
DA:5700,0
DA:5703,0
DA:5704,0
DA:5705,0
DA:5710,0
DA:5713,0
DA:5714,0
DA:5715,0
DA:5716,0
DA:5717,0
DA:5718,0
DA:5722,0
DA:5723,0
DA:5724,0
DA:5725,0
DA:5726,0
DA:5728,0
DA:5733,0
DA:5734,0
DA:5735,0
DA:5736,0
DA:5737,0
DA:5739,0
DA:5743,0
DA:5744,0
DA:5745,0
DA:5746,0
DA:5747,0
DA:5749,0
DA:5752,0
DA:5753,0
DA:5754,0
DA:5756,0
DA:5757,0
DA:5760,0
DA:5761,0
DA:5764,0
DA:5771,0
DA:5778,0
DA:5785,0
DA:5792,0
DA:5797,0
DA:5798,0
DA:5799,0
DA:5801,0
DA:5802,0
DA:5803,0
DA:5804,0
DA:5806,0
DA:5808,0
DA:5810,0
DA:5812,0
DA:5813,0
DA:5814,0
DA:5819,0
DA:5820,0
DA:5821,0
DA:5822,0
DA:5823,0
DA:5824,0
DA:5825,0
DA:5826,0
DA:5827,0
DA:5828,0
DA:5836,0
DA:5854,0
DA:5859,0
DA:5861,0
DA:5864,0
DA:5865,0
DA:5866,0
DA:5867,0
DA:5868,0
DA:5869,0
DA:5871,0
DA:5872,0
DA:5879,0
DA:5880,0
DA:5886,0
DA:5887,0
DA:5893,0
DA:5901,0
DA:5902,0
DA:5907,0
DA:5908,0
DA:5914,0
DA:5916,0
DA:5926,0
DA:5927,0
DA:5928,0
DA:5930,0
DA:5933,0
DA:5934,0
DA:5936,0
DA:5937,0
DA:5938,0
DA:5939,0
DA:5940,0
DA:5941,0
DA:5942,0
DA:5943,0
DA:5946,0
DA:5947,0
DA:5948,0
DA:5949,0
DA:5950,0
DA:5951,0
DA:5953,0
DA:5954,0
DA:5956,0
DA:5957,0
DA:5960,0
DA:5961,0
DA:5966,0
DA:5967,0
DA:5968,0
DA:5973,0
DA:5978,0
DA:5979,0
DA:5980,0
DA:5981,0
DA:5983,0
DA:5986,0
DA:5989,0
DA:5992,0
DA:5995,0
DA:5996,0
DA:5997,0
DA:5998,0
DA:5999,0
DA:6000,0
DA:6001,0
DA:6002,0
DA:6003,0
DA:6008,0
DA:6010,0
DA:6013,0
DA:6014,0
DA:6015,0
DA:6016,0
DA:6021,0
DA:6022,0
DA:6023,0
DA:6024,0
DA:6025,0
DA:6027,0
DA:6028,0
DA:6029,0
DA:6030,0
DA:6031,0
DA:6033,0
DA:6036,0
DA:6037,0
DA:6043,0
DA:6046,0
DA:6047,0
DA:6048,0
DA:6049,0
DA:6050,0
DA:6051,0
DA:6052,0
DA:6054,0
DA:6058,0
DA:6059,0
DA:6060,0
DA:6061,0
DA:6062,0
DA:6063,0
DA:6066,0
DA:6067,0
DA:6068,0
DA:6069,0
DA:6070,0
DA:6072,0
DA:6073,0
DA:6078,0
DA:6079,0
DA:6080,0
DA:6081,0
DA:6082,0
DA:6083,0
DA:6084,0
DA:6086,0
DA:6089,0
DA:6094,0
DA:6095,0
DA:6098,0
DA:6099,0
DA:6100,0
DA:6101,0
DA:6102,0
DA:6103,0
DA:6104,0
DA:6106,0
DA:6108,0
DA:6109,0
DA:6110,0
DA:6113,0
DA:6117,0
DA:6118,0
DA:6119,0
DA:6120,0
DA:6121,0
DA:6122,0
DA:6123,0
DA:6124,0
DA:6125,0
DA:6126,0
DA:6127,0
DA:6128,0
DA:6129,0
DA:6130,0
DA:6133,0
DA:6134,0
DA:6135,0
DA:6136,0
DA:6137,0
DA:6139,0
DA:6140,0
DA:6141,0
DA:6142,0
DA:6145,0
DA:6146,0
DA:6147,0
DA:6148,0
DA:6149,0
DA:6150,0
DA:6152,0
DA:6153,0
DA:6154,0
DA:6155,0
DA:6158,0
DA:6162,0
DA:6165,0
DA:6167,0
DA:6170,0
DA:6173,0
DA:6174,0
[...]
FN:63,(anonymous_4)
FNF:5
FNH:2
FNDA:1,(anonymous_0)
FNDA:1,(anonymous_1)
FNDA:0,(anonymous_2)
FNDA:0,(anonymous_3)
FNDA:0,(anonymous_4)
DA:1,1
DA:7,1
DA:11,1
DA:23,1
DA:24,0
DA:27,1
DA:28,0
DA:31,1
DA:32,1
DA:33,1
DA:35,1
DA:36,0
DA:43,1
DA:50,0
DA:51,0
DA:53,0
DA:60,0
DA:64,0
LF:18
LH:10
BRDA:23,0,0,0
BRDA:23,0,1,1
BRDA:27,1,0,0
BRDA:27,1,1,1
BRDA:35,2,0,0
BRDA:35,2,1,1
BRDA:35,3,0,1
BRDA:35,3,1,1
BRDA:35,3,2,1
BRDA:50,4,0,0
BRDA:50,4,1,0
BRF:11
BRH:6
end_of_record
TN:
SF:packages/domain/value-objects/Weight.vo.ts
FN:8,(anonymous_0)
FN:12,(anonymous_1)
FN:22,(anonymous_2)
FN:30,(anonymous_3)
FN:34,(anonymous_4)
FN:38,(anonymous_5)
FNF:6
FNH:5
FNDA:5,(anonymous_0)
FNDA:5,(anonymous_1)
FNDA:2,(anonymous_2)
FNDA:3,(anonymous_3)
FNDA:2,(anonymous_4)
FNDA:0,(anonymous_5)
DA:5,1
DA:9,5
DA:13,5
DA:14,2
DA:16,3
DA:17,0
DA:19,3
DA:23,2
DA:24,0
DA:26,2
DA:27,2
DA:31,3
DA:35,2
DA:39,0
LF:14
LH:11
BRDA:13,0,0,2
BRDA:13,0,1,3
BRDA:16,1,0,0
BRDA:16,1,1,3
BRDA:23,2,0,0
BRDA:23,2,1,2
BRF:6
BRH:4
end_of_record
TN:
SF:packages/domain/value-objects/index.ts
FNF:0
FNH:0
DA:1,0
DA:2,0
DA:3,0
DA:4,0
DA:5,0
DA:6,0
LF:6
LH:0
BRF:0
BRH:0
end_of_record
TN:
SF:packages/infrastructure/index.ts
FNF:0
FNH:0
DA:1,0
DA:2,0
DA:3,0
LF:3
LH:0
BRF:0
BRH:0
end_of_record
TN:
SF:packages/infrastructure/auth/AuthService.ts
FN:34,(anonymous_2)
FN:45,(anonymous_3)
FN:101,(anonymous_4)
FN:147,(anonymous_5)
FN:163,(anonymous_6)
FNF:5
FNH:0
FNDA:0,(anonymous_2)
FNDA:0,(anonymous_3)
FNDA:0,(anonymous_4)
FNDA:0,(anonymous_5)
FNDA:0,(anonymous_6)
DA:1,0
DA:2,0
DA:3,0
DA:5,0
DA:28,0
DA:35,0
DA:36,0
DA:37,0
DA:39,0
DA:40,0
DA:41,0
DA:42,0
DA:47,0
DA:49,0
DA:50,0
DA:54,0
DA:55,0
DA:59,0
DA:61,0
DA:62,0
DA:66,0
DA:74,0
DA:79,0
DA:87,0
DA:102,0
DA:104,0
DA:109,0
DA:111,0
DA:112,0
DA:116,0
DA:124,0
DA:129,0
DA:137,0
DA:143,0
DA:148,0
DA:150,0
DA:151,0
DA:154,0
DA:165,0
DA:166,0
DA:168,0
DA:170,0
DA:172,0
DA:174,0
DA:176,0
DA:178,0
LF:46
LH:0
BRDA:39,0,0,0
BRDA:39,0,1,0
BRDA:40,1,0,0
BRDA:40,1,1,0
BRDA:41,2,0,0
BRDA:41,2,1,0
BRDA:42,3,0,0
BRDA:42,3,1,0
BRDA:49,4,0,0
BRDA:49,4,1,0
BRDA:54,5,0,0
BRDA:54,5,1,0
BRDA:61,6,0,0
BRDA:61,6,1,0
BRDA:111,7,0,0
BRDA:111,7,1,0
BRDA:111,8,0,0
BRDA:111,8,1,0
BRDA:150,9,0,0
BRDA:150,9,1,0
BRDA:150,10,0,0
BRDA:150,10,1,0
BRDA:168,11,0,0
BRDA:168,11,1,0
BRDA:168,11,2,0
BRDA:168,11,3,0
BRDA:168,11,4,0
BRF:27
BRH:0
end_of_record
TN:
SF:packages/infrastructure/auth/CurrentUserDecorator.ts
FN:12,(anonymous_0)
FNF:1
FNH:0
FNDA:0,(anonymous_0)
DA:1,0
DA:11,0
DA:13,0
DA:14,0
LF:4
LH:0
BRF:0
BRH:0
end_of_record
TN:
SF:packages/infrastructure/auth/JwtAuthGuard.ts
FNF:0
FNH:0
DA:1,0
DA:2,0
DA:5,0
LF:3
LH:0
BRF:0
BRH:0
end_of_record
TN:
SF:packages/infrastructure/auth/JwtAuthService.ts
FN:3,(anonymous_0)
FN:6,(anonymous_1)
FN:10,(anonymous_2)
FNF:3
FNH:0
FNDA:0,(anonymous_0)
FNDA:0,(anonymous_1)
FNDA:0,(anonymous_2)
DA:1,0
DA:3,0
DA:4,0
DA:7,0
DA:11,0
LF:5
LH:0
BRDA:4,0,0,0
BRDA:4,0,1,0
BRF:2
BRH:0
end_of_record
TN:
SF:packages/infrastructure/auth/JwtStrategy.ts
FN:18,(anonymous_2)
FN:26,(anonymous_3)
FNF:2
FNH:0
FNDA:0,(anonymous_2)
FNDA:0,(anonymous_3)
DA:1,0
DA:2,0
DA:3,0
DA:4,0
DA:17,0
DA:18,0
DA:19,0
DA:27,0
DA:28,0
DA:31,0
LF:10
LH:0
BRDA:22,0,0,0
BRDA:22,0,1,0
BRDA:27,1,0,0
BRDA:27,1,1,0
BRDA:27,2,0,0
BRDA:27,2,1,0
BRDA:27,2,2,0
BRF:7
BRH:0
end_of_record
TN:
SF:packages/infrastructure/auth/PoliciesDecorator.ts
FN:4,(anonymous_0)
FNF:1
FNH:0
FNDA:0,(anonymous_0)
DA:1,0
DA:2,0
DA:4,0
DA:5,0
LF:4
LH:0
BRF:0
BRH:0
end_of_record
TN:
SF:packages/infrastructure/auth/PoliciesGuard.ts
FN:17,(anonymous_2)
FN:19,(anonymous_3)
FNF:2
FNH:0
FNDA:0,(anonymous_2)
FNDA:0,(anonymous_3)
DA:1,0
DA:2,0
DA:4,0
DA:16,0
DA:17,0
DA:21,0
DA:23,0
DA:24,0
DA:27,0
DA:29,0
DA:30,0
DA:34,0
DA:35,0
DA:36,0
DA:37,0
DA:41,0
LF:16
LH:0
BRDA:21,0,0,0
BRDA:21,0,1,0
BRDA:23,1,0,0
BRDA:23,1,1,0
BRDA:29,2,0,0
BRDA:29,2,1,0
BRDA:36,3,0,0
BRDA:36,3,1,0
BRF:8
BRH:0
end_of_record
TN:
SF:packages/infrastructure/auth/PolicyTypes.ts
FN:4,(anonymous_0)
FN:71,hasPolicy
FN:79,getPoliciesForRole
FN:86,hasAllPolicies
FN:88,(anonymous_4)
FN:94,hasAnyPolicy
FN:96,(anonymous_6)
FNF:7
FNH:0
FNDA:0,(anonymous_0)
FNDA:0,hasPolicy
FNDA:0,getPoliciesForRole
FNDA:0,hasAllPolicies
FNDA:0,(anonymous_4)
FNDA:0,hasAnyPolicy
FNDA:0,(anonymous_6)
DA:4,0
DA:6,0
DA:7,0
DA:8,0
DA:9,0
DA:12,0
DA:13,0
DA:14,0
DA:15,0
DA:16,0
DA:17,0
DA:20,0
DA:21,0
DA:22,0
DA:23,0
DA:24,0
DA:25,0
DA:26,0
DA:29,0
DA:30,0
DA:36,0
DA:71,0
DA:72,0
DA:73,0
DA:79,0
DA:80,0
DA:86,0
DA:87,0
DA:88,0
DA:94,0
DA:95,0
DA:96,0
LF:32
LH:0
BRDA:4,0,0,0
BRDA:4,0,1,0
BRDA:72,1,0,0
BRDA:72,1,1,0
BRDA:80,2,0,0
BRDA:80,2,1,0
BRDA:87,3,0,0
BRDA:87,3,1,0
BRDA:95,4,0,0
BRDA:95,4,1,0
BRF:10
BRH:0
end_of_record
TN:
SF:packages/infrastructure/auth/RolesDecorator.ts
FN:4,(anonymous_0)
FNF:1
FNH:0
FNDA:0,(anonymous_0)
DA:1,0
DA:2,0
DA:4,0
LF:3
LH:0
BRF:0
BRH:0
end_of_record
TN:
SF:packages/infrastructure/auth/RolesGuard.ts
FN:8,(anonymous_2)
FN:10,(anonymous_3)
FN:26,(anonymous_4)
FNF:3
FNH:0
FNDA:0,(anonymous_2)
FNDA:0,(anonymous_3)
FNDA:0,(anonymous_4)
DA:1,0
DA:2,0
DA:4,0
DA:7,0
DA:8,0
DA:11,0
DA:16,0
DA:17,0
DA:20,0
DA:22,0
DA:23,0
DA:26,0
DA:28,0
DA:29,0
DA:34,0
LF:15
LH:0
BRDA:16,0,0,0
BRDA:16,0,1,0
BRDA:22,1,0,0
BRDA:22,1,1,0
BRDA:28,2,0,0
BRDA:28,2,1,0
BRF:6
BRH:0
end_of_record
TN:
SF:packages/infrastructure/auth/index.ts
FNF:0
FNH:0
DA:1,0
DA:2,0
DA:3,0
DA:4,0
DA:5,0
DA:6,0
DA:7,0
DA:8,0
DA:9,0
DA:10,0
LF:10
LH:0
BRF:0
BRH:0
end_of_record
TN:
SF:packages/infrastructure/auth/policies/CommonPolicies.ts
FN:8,(anonymous_0)
FN:22,(anonymous_1)
FN:41,(anonymous_2)
FNF:3
FNH:0
FNDA:0,(anonymous_0)
FNDA:0,(anonymous_1)
FNDA:0,(anonymous_2)
DA:7,0
DA:9,0
DA:10,0
DA:13,0
DA:14,0
DA:21,0
DA:23,0
DA:24,0
DA:27,0
DA:28,0
DA:33,0
DA:40,0
DA:42,0
DA:43,0
DA:46,0
DA:47,0
DA:50,0
DA:51,0
LF:18
LH:0
BRDA:9,0,0,0
BRDA:9,0,1,0
BRDA:9,1,0,0
BRDA:9,1,1,0
BRDA:13,2,0,0
BRDA:13,2,1,0
BRDA:23,3,0,0
BRDA:23,3,1,0
BRDA:27,4,0,0
BRDA:27,4,1,0
BRDA:42,5,0,0
BRDA:42,5,1,0
BRDA:46,6,0,0
BRDA:46,6,1,0
BRDA:46,7,0,0
BRDA:46,7,1,0
BRDA:50,8,0,0
BRDA:50,8,1,0
BRF:18
BRH:0
end_of_record
TN:
SF:packages/infrastructure/cache/CacheDecorator.ts
FN:9,(anonymous_0)
FN:10,(anonymous_1)
FNF:2
FNH:0
FNDA:0,(anonymous_0)
FNDA:0,(anonymous_1)
DA:1,0
DA:2,0
DA:9,0
DA:10,0
DA:11,0
DA:12,0
DA:13,0
LF:7
LH:0
BRDA:9,0,0,0
BRF:1
BRH:0
end_of_record
TN:
SF:packages/infrastructure/cache/CacheInvalidationService.ts
FN:11,(anonymous_2)
FN:16,(anonymous_3)
FN:26,(anonymous_4)
FN:41,(anonymous_5)
FN:51,(anonymous_6)
FN:61,(anonymous_7)
FNF:6
FNH:0
FNDA:0,(anonymous_2)
FNDA:0,(anonymous_3)
FNDA:0,(anonymous_4)
FNDA:0,(anonymous_5)
FNDA:0,(anonymous_6)
FNDA:0,(anonymous_7)
DA:1,0
DA:2,0
DA:8,0
DA:9,0
DA:11,0
DA:17,0
DA:19,0
DA:20,0
DA:27,0
DA:29,0
DA:31,0
DA:32,0
DA:35,0
DA:42,0
DA:44,0
DA:45,0
DA:52,0
DA:54,0
DA:55,0
DA:62,0
DA:63,0
LF:21
LH:0
BRDA:31,0,0,0
BRDA:31,0,1,0
BRF:2
BRH:0
end_of_record
TN:
SF:packages/infrastructure/cache/CacheWarmingService.ts
FN:12,(anonymous_2)
FN:18,(anonymous_3)
FN:26,(anonymous_4)
FN:39,(anonymous_5)
FN:56,(anonymous_6)
FNF:5
FNH:0
FNDA:0,(anonymous_2)
FNDA:0,(anonymous_3)
FNDA:0,(anonymous_4)
FNDA:0,(anonymous_5)
FNDA:0,(anonymous_6)
DA:1,0
DA:2,0
DA:9,0
DA:10,0
DA:13,0
DA:19,0
DA:20,0
DA:21,0
DA:22,0
DA:27,0
DA:29,0
DA:35,0
DA:40,0
DA:50,0
DA:57,0
DA:58,0
LF:16
LH:0
BRDA:19,0,0,0
BRDA:19,0,1,0
BRF:2
BRH:0
end_of_record
TN:
SF:packages/infrastructure/cache/HttpCacheInterceptor.ts
FN:21,(anonymous_2)
FN:26,(anonymous_3)
FN:55,(anonymous_4)
FN:61,(anonymous_5)
FN:68,(anonymous_6)
FNF:5
FNH:0
FNDA:0,(anonymous_2)
FNDA:0,(anonymous_3)
FNDA:0,(anonymous_4)
FNDA:0,(anonymous_5)
FNDA:0,(anonymous_6)
DA:1,0
DA:8,0
DA:9,0
DA:10,0
DA:11,0
DA:13,0
DA:14,0
DA:20,0
DA:22,0
DA:23,0
DA:30,0
DA:35,0
DA:36,0
DA:39,0
DA:44,0
DA:45,0
DA:48,0
DA:49,0
DA:50,0
DA:54,0
DA:56,0
DA:62,0
DA:66,0
DA:67,0
DA:68,0
DA:69,0
DA:70,0
DA:71,0
DA:75,0
LF:29
LH:0
BRDA:35,0,0,0
BRDA:35,0,1,0
BRDA:49,1,0,0
BRDA:49,1,1,0
BRDA:67,2,0,0
BRDA:67,2,1,0
BRDA:70,3,0,0
BRDA:70,3,1,0
BRDA:70,3,2,0
BRDA:71,4,0,0
BRDA:71,4,1,0
BRF:11
BRH:0
end_of_record
TN:
SF:packages/infrastructure/cache/RedisCacheModule.ts
FN:15,(anonymous_1)
FNF:1
FNH:0
FNDA:0,(anonymous_1)
DA:1,0
DA:2,0
DA:3,0
DA:4,0
DA:5,0
DA:6,0
DA:7,0
DA:8,0
DA:15,0
DA:41,0
LF:10
LH:0
BRDA:17,0,0,0
BRDA:17,0,1,0
BRDA:18,1,0,0
BRDA:18,1,1,0
BRDA:20,2,0,0
BRDA:20,2,1,0
BRF:6
BRH:0
end_of_record
TN:
SF:packages/infrastructure/cache/RedisCacheService.ts
FN:15,(anonymous_4)
FN:17,(anonymous_5)
FN:21,(anonymous_6)
FN:25,(anonymous_7)
FN:29,(anonymous_8)
FN:39,(anonymous_9)
FN:48,(anonymous_10)
FN:58,(anonymous_11)
FN:62,(anonymous_12)
FN:66,(anonymous_13)
FN:70,(anonymous_14)
FN:74,(anonymous_15)
FN:79,(anonymous_16)
FNF:13
FNH:0
FNDA:0,(anonymous_4)
FNDA:0,(anonymous_5)
FNDA:0,(anonymous_6)
FNDA:0,(anonymous_7)
FNDA:0,(anonymous_8)
FNDA:0,(anonymous_9)
FNDA:0,(anonymous_10)
FNDA:0,(anonymous_11)
FNDA:0,(anonymous_12)
FNDA:0,(anonymous_13)
FNDA:0,(anonymous_14)
FNDA:0,(anonymous_15)
FNDA:0,(anonymous_16)
DA:1,0
DA:2,0
DA:14,0
DA:15,0
DA:18,0
DA:22,0
DA:26,0
DA:31,0
DA:32,0
DA:33,0
DA:34,0
DA:35,0
DA:37,0
DA:38,0
DA:39,0
DA:40,0
DA:42,0
DA:43,0
DA:49,0
DA:50,0
DA:51,0
DA:52,0
DA:53,0
DA:59,0
DA:63,0
DA:67,0
DA:71,0
DA:75,0
DA:76,0
DA:80,0
DA:81,0
LF:31
LH:0
BRDA:32,0,0,0
BRDA:32,0,1,0
BRDA:37,1,0,0
BRDA:37,1,1,0
BRDA:50,2,0,0
BRDA:50,2,1,0
BRDA:50,3,0,0
BRDA:50,3,1,0
BRDA:52,4,0,0
BRDA:52,4,1,0
BRDA:75,5,0,0
BRDA:75,5,1,0
BRDA:80,6,0,0
BRDA:80,6,1,0
BRDA:81,7,0,0
BRDA:81,7,1,0
BRF:16
BRH:0
end_of_record
TN:
SF:packages/infrastructure/cache/index.ts
FNF:0
FNH:0
DA:1,0
DA:2,0
DA:3,0
DA:4,0
DA:5,0
DA:6,0
LF:6
LH:0
BRF:0
BRH:0
end_of_record
TN:
SF:packages/infrastructure/database/DatabaseModule.ts
FNF:0
FNH:0
DA:1,0
DA:2,0
DA:3,0
DA:4,0
DA:12,0
LF:5
LH:0
BRF:0
BRH:0
end_of_record
TN:
SF:packages/infrastructure/exceptions/CustomExceptions.ts
FN:4,(anonymous_0)
FN:10,(anonymous_1)
FN:16,(anonymous_2)
FN:25,(anonymous_3)
FN:31,(anonymous_4)
FN:43,(anonymous_5)
FNF:6
FNH:0
FNDA:0,(anonymous_0)
FNDA:0,(anonymous_1)
FNDA:0,(anonymous_2)
FNDA:0,(anonymous_3)
FNDA:0,(anonymous_4)
FNDA:0,(anonymous_5)
DA:1,0
DA:3,0
DA:5,0
DA:9,0
DA:11,0
DA:15,0
DA:17,0
DA:24,0
DA:26,0
DA:30,0
DA:32,0
DA:42,0
DA:44,0
LF:13
LH:0
BRDA:4,0,0,0
BRDA:25,1,0,0
BRF:2
BRH:0
end_of_record
TN:
SF:packages/infrastructure/filters/GlobalExceptionFilter.ts
FN:22,(anonymous_1)
FN:25,(anonymous_2)
FN:74,(anonymous_3)
FN:79,(anonymous_4)
FNF:4
FNH:0
FNDA:0,(anonymous_1)
FNDA:0,(anonymous_2)
FNDA:0,(anonymous_3)
FNDA:0,(anonymous_4)
DA:1,0
DA:22,0
DA:23,0
DA:26,0
DA:27,0
DA:28,0
DA:30,0
DA:31,0
DA:32,0
DA:34,0
DA:35,0
DA:36,0
DA:38,0
DA:39,0
DA:40,0
DA:41,0
DA:42,0
DA:44,0
DA:45,0
DA:48,0
DA:61,0
DA:62,0
DA:66,0
DA:71,0
DA:75,0
DA:76,0
DA:80,0
DA:93,0
LF:28
LH:0
BRDA:34,0,0,0
BRDA:34,0,1,0
BRDA:38,1,0,0
BRDA:38,1,1,0
BRDA:40,2,0,0
BRDA:40,2,1,0
BRDA:41,3,0,0
BRDA:41,3,1,0
BRDA:44,4,0,0
BRDA:44,4,1,0
BRDA:61,5,0,0
BRDA:61,5,1,0
BRDA:61,6,0,0
BRDA:61,6,1,0
BRDA:68,7,0,0
BRDA:68,7,1,0
BRDA:93,8,0,0
BRDA:93,8,1,0
BRF:18
BRH:0
end_of_record
TN:
SF:packages/infrastructure/logging/PinoLogger.ts
FN:7,createLogger
FN:42,(anonymous_1)
FN:52,(anonymous_2)
FN:81,createChildLogger
FN:102,(anonymous_4)
FN:103,(anonymous_5)
FN:107,(anonymous_6)
FN:108,(anonymous_7)
FN:109,(anonymous_8)
FN:112,(anonymous_9)
FN:113,(anonymous_10)
FN:117,(anonymous_11)
FN:118,(anonymous_12)
FN:119,(anonymous_13)
FNF:14
FNH:0
FNDA:0,createLogger
FNDA:0,(anonymous_1)
FNDA:0,(anonymous_2)
FNDA:0,createChildLogger
FNDA:0,(anonymous_4)
FNDA:0,(anonymous_5)
FNDA:0,(anonymous_6)
FNDA:0,(anonymous_7)
FNDA:0,(anonymous_8)
FNDA:0,(anonymous_9)
FNDA:0,(anonymous_10)
FNDA:0,(anonymous_11)
FNDA:0,(anonymous_12)
FNDA:0,(anonymous_13)
DA:1,0
DA:7,0
DA:8,0
DA:10,0
DA:42,0
DA:52,0
DA:72,0
DA:76,0
DA:81,0
DA:82,0
DA:88,0
DA:100,0
DA:102,0
DA:104,0
DA:107,0
DA:108,0
DA:109,0
DA:112,0
DA:114,0
DA:117,0
DA:118,0
DA:119,0
LF:22
LH:0
BRDA:11,0,0,0
BRDA:11,0,1,0
BRDA:11,1,0,0
BRDA:11,1,1,0
BRDA:16,2,0,0
BRDA:16,2,1,0
BRDA:17,3,0,0
BRDA:17,3,1,0
BRDA:18,4,0,0
BRDA:18,4,1,0
BRDA:50,5,0,0
BRDA:50,5,1,0
BRDA:59,6,0,0
BRDA:59,6,1,0
BRF:14
BRH:0
end_of_record
TN:
SF:packages/infrastructure/logging/index.ts
FN:1,(anonymous_0)
FN:1,(anonymous_1)
FN:1,(anonymous_2)
FN:1,(anonymous_3)
FN:1,(anonymous_4)
FNF:5
FNH:0
FNDA:0,(anonymous_0)
FNDA:0,(anonymous_1)
FNDA:0,(anonymous_2)
FNDA:0,(anonymous_3)
FNDA:0,(anonymous_4)
DA:1,0
LF:1
LH:0
BRF:0
BRH:0
end_of_record
TN:
SF:packages/infrastructure/metrics/MetricsController.ts
FN:12,(anonymous_2)
FN:17,(anonymous_3)
FNF:2
FNH:0
FNDA:0,(anonymous_2)
FNDA:0,(anonymous_3)
DA:1,0
DA:2,0
DA:3,0
DA:11,0
DA:12,0
DA:17,0
DA:18,0
DA:19,0
LF:8
LH:0
BRF:0
BRH:0
end_of_record
TN:
SF:packages/infrastructure/metrics/MetricsInterceptor.ts
FN:17,(anonymous_2)
FN:19,(anonymous_3)
FN:31,(anonymous_4)
FN:37,(anonymous_5)
FNF:4
FNH:0
FNDA:0,(anonymous_2)
FNDA:0,(anonymous_3)
FNDA:0,(anonymous_4)
FNDA:0,(anonymous_5)
DA:1,0
DA:8,0
DA:9,0
DA:16,0
DA:17,0
DA:20,0
DA:21,0
DA:22,0
DA:23,0
DA:24,0
DA:27,0
DA:29,0
DA:32,0
DA:33,0
DA:34,0
DA:35,0
DA:38,0
DA:39,0
DA:40,0
DA:41,0
LF:20
LH:0
BRDA:23,0,0,0
BRDA:23,0,1,0
BRDA:39,1,0,0
BRDA:39,1,1,0
BRF:4
BRH:0
end_of_record
TN:
SF:packages/infrastructure/metrics/MetricsModule.ts
FNF:0
FNH:0
DA:1,0
DA:2,0
DA:3,0
DA:4,0
DA:12,0
LF:5
LH:0
BRF:0
BRH:0
end_of_record
TN:
SF:packages/infrastructure/metrics/index.ts
FN:1,(anonymous_0)
FN:2,(anonymous_1)
FN:3,(anonymous_2)
FN:4,(anonymous_3)
FNF:4
FNH:0
FNDA:0,(anonymous_0)
FNDA:0,(anonymous_1)
FNDA:0,(anonymous_2)
FNDA:0,(anonymous_3)
DA:1,0
DA:2,0
DA:3,0
DA:4,0
LF:4
LH:0
BRF:0
BRH:0
end_of_record
TN:
SF:packages/infrastructure/middleware/CorrelationIdMiddleware.ts
FN:14,(anonymous_1)
FN:17,(anonymous_2)
FNF:2
FNH:0
FNDA:0,(anonymous_1)
FNDA:0,(anonymous_2)
DA:1,0
DA:3,0
DA:14,0
DA:15,0
DA:19,0
DA:22,0
DA:25,0
DA:27,0
LF:8
LH:0
BRDA:19,0,0,0
BRDA:19,0,1,0
BRF:2
BRH:0
end_of_record
TN:
SF:packages/infrastructure/middleware/RequestLoggingMiddleware.ts
FN:5,(anonymous_1)
FN:8,(anonymous_2)
FN:21,(anonymous_3)
FNF:3
FNH:0
FNDA:0,(anonymous_1)
FNDA:0,(anonymous_2)
FNDA:0,(anonymous_3)
DA:1,0
DA:5,0
DA:6,0
DA:9,0
DA:10,0
DA:11,0
DA:13,0
DA:16,0
DA:21,0
DA:22,0
DA:23,0
DA:24,0
DA:26,0
DA:31,0
LF:14
LH:0
BRDA:10,0,0,0
BRDA:10,0,1,0
BRDA:11,1,0,0
BRDA:11,1,1,0
BRDA:24,2,0,0
BRDA:24,2,1,0
BRF:6
BRH:0
end_of_record
TN:
SF:packages/infrastructure/repositories/PrismaClientRepository.ts
FN:11,(anonymous_2)
FN:15,(anonymous_3)
FN:39,(anonymous_4)
FN:61,(anonymous_5)
FN:66,(anonymous_6)
FN:70,(anonymous_7)
FNF:6
FNH:0
FNDA:0,(anonymous_2)
FNDA:0,(anonymous_3)
FNDA:0,(anonymous_4)
FNDA:0,(anonymous_5)
FNDA:0,(anonymous_6)
FNDA:0,(anonymous_7)
DA:1,0
DA:2,0
DA:3,0
DA:4,0
DA:10,0
DA:12,0
DA:19,0
DA:40,0
DA:62,0
DA:63,0
DA:67,0
DA:70,0
LF:12
LH:0
BRDA:28,0,0,0
BRDA:28,0,1,0
BRDA:29,1,0,0
BRDA:29,1,1,0
BRDA:29,1,2,0
BRDA:30,2,0,0
BRDA:30,2,1,0
BRDA:32,3,0,0
BRDA:32,3,1,0
BRDA:41,4,0,0
BRDA:41,4,1,0
BRDA:63,5,0,0
BRDA:63,5,1,0
BRF:13
BRH:0
end_of_record
TN:
SF:packages/infrastructure/repositories/PrismaDietPlanRepository.ts
FN:12,(anonymous_2)
FN:16,(anonymous_3)
FN:39,(anonymous_4)
FN:62,(anonymous_5)
FN:67,(anonymous_6)
FN:70,(anonymous_7)
FNF:6
FNH:0
FNDA:0,(anonymous_2)
FNDA:0,(anonymous_3)
FNDA:0,(anonymous_4)
FNDA:0,(anonymous_5)
FNDA:0,(anonymous_6)
FNDA:0,(anonymous_7)
DA:1,0
DA:2,0
DA:3,0
DA:4,0
DA:5,0
DA:11,0
DA:13,0
DA:17,0
DA:40,0
DA:63,0
DA:67,0
DA:71,0
DA:74,0
LF:13
LH:0
BRDA:41,0,0,0
BRDA:41,0,1,0
BRDA:74,1,0,0
BRDA:74,1,1,0
BRF:4
BRH:0
end_of_record
TN:
SF:packages/infrastructure/repositories/PrismaFoodItemRepository.ts
FN:12,(anonymous_2)
FN:16,(anonymous_3)
FN:40,(anonymous_4)
FN:61,(anonymous_5)
FN:65,(anonymous_6)
FN:68,(anonymous_7)
FN:78,(anonymous_8)
FNF:7
FNH:0
FNDA:0,(anonymous_2)
FNDA:0,(anonymous_3)
FNDA:0,(anonymous_4)
FNDA:0,(anonymous_5)
FNDA:0,(anonymous_6)
FNDA:0,(anonymous_7)
FNDA:0,(anonymous_8)
DA:1,0
DA:2,0
DA:3,0
DA:4,0
DA:5,0
DA:11,0
DA:13,0
DA:17,0
DA:26,0
DA:41,0
DA:43,0
DA:62,0
DA:65,0
DA:69,0
DA:78,0
LF:15
LH:0
BRDA:20,0,0,0
BRDA:20,0,1,0
BRF:2
BRH:0
end_of_record
TN:
SF:packages/infrastructure/repositories/PrismaUserRepository.ts
FN:13,(anonymous_2)
FN:17,(anonymous_3)
FN:34,(anonymous_4)
FN:47,(anonymous_5)
FN:52,(anonymous_6)
FNF:5
FNH:0
FNDA:0,(anonymous_2)
FNDA:0,(anonymous_3)
FNDA:0,(anonymous_4)
FNDA:0,(anonymous_5)
FNDA:0,(anonymous_6)
DA:1,0
DA:2,0
DA:3,0
DA:4,0
DA:5,0
DA:6,0
DA:12,0
DA:14,0
DA:18,0
DA:19,0
DA:21,0
DA:35,0
DA:48,0
DA:49,0
DA:53,0
DA:54,0
LF:16
LH:0
BRDA:19,0,0,0
BRDA:19,0,1,0
BRDA:49,1,0,0
BRDA:49,1,1,0
BRF:4
BRH:0
end_of_record
TN:
SF:packages/infrastructure/repositories/RepositoryModule.ts
FNF:0
FNH:0
DA:1,0
DA:2,0
DA:3,0
DA:4,0
DA:5,0
DA:6,0
DA:35,0
LF:7
LH:0
BRF:0
BRH:0
end_of_record
TN:
SF:packages/infrastructure/repositories/index.ts
FNF:0
FNH:0
DA:1,0
DA:2,0
DA:3,0
DA:4,0
LF:4
LH:0
BRF:0
BRH:0
end_of_record
TN:
SF:packages/infrastructure/security/EncryptionService.ts
FN:14,(anonymous_2)
FN:28,(anonymous_3)
FN:44,(anonymous_4)
FN:67,(anonymous_5)
FN:74,(anonymous_6)
FNF:5
FNH:0
FNDA:0,(anonymous_2)
FNDA:0,(anonymous_3)
FNDA:0,(anonymous_4)
FNDA:0,(anonymous_5)
FNDA:0,(anonymous_6)
DA:1,0
DA:2,0
DA:3,0
DA:10,0
DA:11,0
DA:14,0
DA:15,0
DA:17,0
DA:18,0
DA:22,0
DA:29,0
DA:30,0
DA:32,0
DA:33,0
DA:35,0
DA:38,0
DA:45,0
DA:47,0
DA:48,0
DA:51,0
DA:52,0
DA:53,0
DA:55,0
DA:56,0
DA:58,0
DA:59,0
DA:61,0
DA:68,0
DA:75,0
LF:29
LH:0
BRDA:17,0,0,0
BRDA:17,0,1,0
BRDA:47,1,0,0
BRDA:47,1,1,0
BRDA:74,2,0,0
BRF:5
BRH:0
end_of_record
TN:
SF:packages/infrastructure/security/InputSanitizationMiddleware.ts
FN:12,(anonymous_2)
FN:20,(anonymous_3)
FN:39,(anonymous_4)
FN:45,(anonymous_5)
FN:61,(anonymous_6)
FNF:5
FNH:0
FNDA:0,(anonymous_2)
FNDA:0,(anonymous_3)
FNDA:0,(anonymous_4)
FNDA:0,(anonymous_5)
FNDA:0,(anonymous_6)
DA:1,0
DA:3,0
DA:9,0
DA:13,0
DA:22,0
DA:23,0
DA:27,0
DA:28,0
DA:32,0
DA:33,0
DA:36,0
DA:40,0
DA:41,0
DA:44,0
DA:45,0
DA:48,0
DA:49,0
DA:50,0
DA:51,0
DA:52,0
DA:55,0
DA:58,0
DA:63,0
DA:66,0
DA:69,0
DA:71,0
LF:26
LH:0
BRDA:22,0,0,0
BRDA:22,0,1,0
BRDA:27,1,0,0
BRDA:27,1,1,0
BRDA:32,2,0,0
BRDA:32,2,1,0
BRDA:40,3,0,0
BRDA:40,3,1,0
BRDA:44,4,0,0
BRDA:44,4,1,0
BRDA:48,5,0,0
BRDA:48,5,1,0
BRDA:48,6,0,0
BRDA:48,6,1,0
BRDA:51,7,0,0
BRDA:51,7,1,0
BRF:16
BRH:0
end_of_record
TN:
SF:packages/infrastructure/security/SecretManagerService.ts
FN:10,(anonymous_2)
FN:16,(anonymous_3)
FN:30,(anonymous_4)
FN:37,(anonymous_5)
FN:44,(anonymous_6)
FN:51,(anonymous_7)
FN:58,(anonymous_8)
FNF:7
FNH:0
FNDA:0,(anonymous_2)
FNDA:0,(anonymous_3)
FNDA:0,(anonymous_4)
FNDA:0,(anonymous_5)
FNDA:0,(anonymous_6)
FNDA:0,(anonymous_7)
FNDA:0,(anonymous_8)
DA:1,0
DA:2,0
DA:9,0
DA:10,0
DA:18,0
DA:20,0
DA:21,0
DA:24,0
DA:31,0
DA:38,0
DA:45,0
DA:52,0
DA:59,0
DA:66,0
DA:67,0
DA:68,0
DA:70,0
LF:17
LH:0
BRDA:20,0,0,0
BRDA:20,0,1,0
BRF:2
BRH:0
end_of_record
TN:
SF:packages/infrastructure/security/index.ts
FNF:0
FNH:0
DA:1,0
DA:2,0
DA:3,0
LF:3
LH:0
BRF:0
BRH:0
end_of_record
TN:
SF:packages/infrastructure/services/BcryptPasswordHasher.ts
FN:6,(anonymous_1)
FN:9,(anonymous_2)
FN:13,(anonymous_3)
FN:17,(anonymous_4)
FNF:4
FNH:0
FNDA:0,(anonymous_1)
FNDA:0,(anonymous_2)
FNDA:0,(anonymous_3)
FNDA:0,(anonymous_4)
DA:1,0
DA:3,0
DA:6,0
DA:7,0
DA:10,0
DA:14,0
DA:19,0
DA:20,0
LF:8
LH:0
BRF:0
BRH:0
end_of_record
TN:
SF:packages/infrastructure/telemetry/index.ts
FN:2,(anonymous_0)
FN:3,(anonymous_1)
FN:4,(anonymous_2)
FN:5,(anonymous_3)
FN:6,(anonymous_4)
FN:7,(anonymous_5)
FN:8,(anonymous_6)
FN:9,(anonymous_7)
FN:10,(anonymous_8)
FN:11,(anonymous_9)
FN:12,(anonymous_10)
FNF:11
FNH:0
FNDA:0,(anonymous_0)
FNDA:0,(anonymous_1)
FNDA:0,(anonymous_2)
FNDA:0,(anonymous_3)
FNDA:0,(anonymous_4)
FNDA:0,(anonymous_5)
FNDA:0,(anonymous_6)
FNDA:0,(anonymous_7)
FNDA:0,(anonymous_8)
FNDA:0,(anonymous_9)
FNDA:0,(anonymous_10)
DA:1,0
DA:2,0
DA:3,0
DA:4,0
DA:5,0
DA:6,0
DA:7,0
DA:8,0
DA:9,0
DA:10,0
DA:11,0
DA:12,0
LF:12
LH:0
BRF:0
BRH:0
end_of_record
TN:
SF:packages/ui/src/index.ts
FN:5,(anonymous_4)
FNF:1
FNH:0
FNDA:0,(anonymous_4)
DA:2,0
DA:5,0
LF:2
LH:0
BRF:0
BRH:0
end_of_record
TN:
SF:packages/ui/src/utils/index.ts
FN:1,(anonymous_0)
FNF:1
FNH:0
FNDA:0,(anonymous_0)
DA:1,0
LF:1
LH:0
BRF:0
BRH:0
end_of_record
